Testing on: ['CL_DEVICE_TYPE_DEFAULT']
Test execution arguments: ['run_conformance.py', 'opencl_conformance_tests_wimpyfull.csv']
Logging to file opencl_conformance_results_2020-04-28_14-57.log.
Loaded tests from opencl_conformance_tests_wimpyfull.csv, total of 61 tests selected to run:
Compute Info                                       (computeinfo/computeinfo)
Basic                                              (basic/test_basic)
API                                                (api/test_api)
Compiler                                           (compiler/test_compiler)
Common Functions                                   (commonfns/test_commonfns)
Geometric Functions                                (geometrics/test_geometrics)
Relationals                                        (relationals/test_relationals)
Thread Dimensions                                  (thread_dimensions/test_thread_dimensions full*)
Multiple Device/Context                            (multiple_device_context/test_multiples)
Atomics                                            (atomics/test_atomics)
Profiling                                          (profiling/test_profiling)
Events                                             (events/test_events)
Allocations (single maximum)                       (allocations/test_allocations single 5 all)
Allocations (total maximum)                        (allocations/test_allocations multiple 5 all )
VecAlign                                           (vec_align/test_vecalign)
VecStep                                            (vec_step/test_vecstep)
Printf                                             (printf/test_printf)
Device Partition                                   (device_partition/test_device_partition)
Buffers                                            (buffers/test_buffers)
Images (API Info)                                  (images/clGetInfo/test_cl_get_info )
Images (Kernel Methods)                            (images/kernel_image_methods/test_kernel_image_methods )
Images (Kernel)                                    (images/kernel_read_write/test_image_streams CL_FILTER_NEAREST)
Images (Kernel pitch)                              (images/kernel_read_write/test_image_streams use_pitches CL_FILTER_NEAREST)
Images (Kernel max size)                           (images/kernel_read_write/test_image_streams max_images CL_FILTER_NEAREST)
Images (clCopyImage)                               (images/clCopyImage/test_cl_copy_images)
Images (clCopyImage small)                         (images/clCopyImage/test_cl_copy_images small_images)
Images (clCopyImage max size)                      (images/clCopyImage/test_cl_copy_images max_images )
Images (clReadWriteImage)                          (images/clReadWriteImage/test_cl_read_write_images )
Images (clReadWriteImage pitch)                    (images/clReadWriteImage/test_cl_read_write_images use_pitches )
Images (clReadWriteImage max size)                 (images/clReadWriteImage/test_cl_read_write_images max_images )
Images (clFillImage)                               (images/clFillImage/test_cl_fill_images )
Images (clFillImage pitch)                         (images/clFillImage/test_cl_fill_images use_pitches )
Images (clFillImage max size)                      (images/clFillImage/test_cl_fill_images max_images )
Images (Samplerless)                               (images/samplerlessReads/test_samplerless_reads )
Images (Samplerless pitch)                         (images/samplerlessReads/test_samplerless_reads use_pitches )
Images (Samplerless max size)                      (images/samplerlessReads/test_samplerless_reads max_images )
Mem (Host Flags)                                   (mem_host_flags/test_mem_host_flags)
Headers (cl_typen)                                 (headers/test_headers)
Headers (cl.h standalone)                          (headers/test_cl_h)
Headers (cl_platform.h standalone)                 (headers/test_cl_platform_h)
Headers (cl_gl.h standalone)                       (headers/test_cl_gl_h)
OpenCL-GL Sharing                                  (gl/test_gl)
Select                                             (select/test_select)
Conversions                                        (conversions/test_conversions -w)
Contractions                                       (contractions/contractions)
Math                                               (math_brute_force/bruteforce -w)
Integer Ops                                        (integer_ops/test_integer_ops)
Half Ops                                           (half/Test_half -w)
Basic 1.2                                          (compatibility/test_conformance/basic/test_basic)
API 1.2                                            (compatibility/test_conformance/api/test_api)
C11 Atomics                                        (c11_atomics/test_c11_atomics)
Execution Model                                    (device_execution/test_device_execution)
Generic Address Space                              (generic_address_space/test_generic_address_space)
Non Uniform Work Groups                            (non_uniform_work_group/test_non_uniform_work_group)
Pipes                                              (pipes/test_pipes)
SVM                                                (SVM/test_SVM)
Workgroups                                         (workgroups/test_workgroups)
Mipmaps (Kernel)                                   (images/kernel_read_write/test_image_streams test_mipmaps CL_FILTER_NEAREST)
Mipmaps (clCopyImage)                              (images/clCopyImage/test_cl_copy_images test_mipmaps)
Mipmaps (clReadWriteImage)                         (images/clReadWriteImage/test_cl_read_write_images test_mipmaps)
Subgroups                                          (subgroups/test_subgroups)
========================================================================================
========================================================================================
                     Setting CL_DEVICE_TYPE to CL_DEVICE_TYPE_DEFAULT                     
========================================================================================
========================================================================================
========================================================================================
========================================================================================
(28-Apr 14:57:02)     Running Tests: computeinfo/computeinfo
========================================================================================
========================================================================================
     ----------------------------------------------------------------------------------------
     (28-Apr 14:57:02)     Running Sub Test: Compute Info
     ----------------------------------------------------------------------------------------
     ERROR: clGetPlatformIDs failed! ((unknown) from 2.0/test_conformance/computeinfo/main.c:729)
     ----------------------------------------------------------------------------------------
  *******************************************************************************************
  *  (28-Apr 14:57:04)     Test Compute Info ==> FAILED: 23
  *******************************************************************************************
     ----------------------------------------------------------------------------------------

========================================================================================
========================================================================================
(28-Apr 14:57:04)     Running Tests: basic/test_basic
========================================================================================
========================================================================================
     ----------------------------------------------------------------------------------------
     (28-Apr 14:57:04)     Running Sub Test: Basic
     ----------------------------------------------------------------------------------------
      Initializing random seed to 0.
     Requesting Default device based on environment variable for platform index 0 and device index 0
     ERROR: clGetPlatformIDs failed! ((unknown) from 2.0/test_conformance/allocations/../../test_common/harness/testHarness.c:259)
     ----------------------------------------------------------------------------------------
  *******************************************************************************************
  *  (28-Apr 14:57:06)     Test Basic ==> FAILED: 255
  *******************************************************************************************
     ----------------------------------------------------------------------------------------

========================================================================================
========================================================================================
(28-Apr 14:57:06)     Running Tests: api/test_api
========================================================================================
========================================================================================
     ----------------------------------------------------------------------------------------
     (28-Apr 14:57:06)     Running Sub Test: API
     ----------------------------------------------------------------------------------------
      Initializing random seed to 0.
     Requesting Default device based on environment variable for platform index 0 and device index 0
     ERROR: clGetPlatformIDs failed! ((unknown) from 2.0/test_conformance/allocations/../../test_common/harness/testHarness.c:259)
     ----------------------------------------------------------------------------------------
  *******************************************************************************************
  *  (28-Apr 14:57:08)     Test API ==> FAILED: 255
  *******************************************************************************************
     ----------------------------------------------------------------------------------------

========================================================================================
========================================================================================
(28-Apr 14:57:08)     Running Tests: compiler/test_compiler
========================================================================================
========================================================================================
     ----------------------------------------------------------------------------------------
     (28-Apr 14:57:08)     Running Sub Test: Compiler
     ----------------------------------------------------------------------------------------
      Initializing random seed to 0.
     Requesting Default device based on environment variable for platform index 0 and device index 0
     ERROR: clGetPlatformIDs failed! ((unknown) from 2.0/test_conformance/allocations/../../test_common/harness/testHarness.c:259)
     ----------------------------------------------------------------------------------------
  *******************************************************************************************
  *  (28-Apr 14:57:11)     Test Compiler ==> FAILED: 255
  *******************************************************************************************
     ----------------------------------------------------------------------------------------

========================================================================================
========================================================================================
(28-Apr 14:57:11)     Running Tests: commonfns/test_commonfns
========================================================================================
========================================================================================
     ----------------------------------------------------------------------------------------
     (28-Apr 14:57:11)     Running Sub Test: Common Functions
     ----------------------------------------------------------------------------------------
      Initializing random seed to 0.
     Requesting Default device based on environment variable for platform index 0 and device index 0
     ERROR: clGetPlatformIDs failed! ((unknown) from 2.0/test_conformance/allocations/../../test_common/harness/testHarness.c:259)
     ----------------------------------------------------------------------------------------
  *******************************************************************************************
  *  (28-Apr 14:57:13)     Test Common Functions ==> FAILED: 255
  *******************************************************************************************
     ----------------------------------------------------------------------------------------

========================================================================================
========================================================================================
(28-Apr 14:57:13)     Running Tests: geometrics/test_geometrics
========================================================================================
========================================================================================
     ----------------------------------------------------------------------------------------
     (28-Apr 14:57:13)     Running Sub Test: Geometric Functions
     ----------------------------------------------------------------------------------------
      Initializing random seed to 0.
     Requesting Default device based on environment variable for platform index 0 and device index 0
     ERROR: clGetPlatformIDs failed! ((unknown) from 2.0/test_conformance/allocations/../../test_common/harness/testHarness.c:259)
     ----------------------------------------------------------------------------------------
  *******************************************************************************************
  *  (28-Apr 14:57:15)     Test Geometric Functions ==> FAILED: 255
  *******************************************************************************************
     ----------------------------------------------------------------------------------------

========================================================================================
========================================================================================
(28-Apr 14:57:15)     Running Tests: relationals/test_relationals
========================================================================================
========================================================================================
     ----------------------------------------------------------------------------------------
     (28-Apr 14:57:15)     Running Sub Test: Relationals
     ----------------------------------------------------------------------------------------
      Initializing random seed to 0.
     Requesting Default device based on environment variable for platform index 0 and device index 0
     ERROR: clGetPlatformIDs failed! ((unknown) from 2.0/test_conformance/allocations/../../test_common/harness/testHarness.c:259)
     ----------------------------------------------------------------------------------------
  *******************************************************************************************
  *  (28-Apr 14:57:17)     Test Relationals ==> FAILED: 255
  *******************************************************************************************
     ----------------------------------------------------------------------------------------

========================================================================================
========================================================================================
(28-Apr 14:57:17)     Running Tests: thread_dimensions/test_thread_dimensions full*
========================================================================================
========================================================================================
     ----------------------------------------------------------------------------------------
     (28-Apr 14:57:17)     Running Sub Test: Thread Dimensions
     ----------------------------------------------------------------------------------------
      Initializing random seed to 0.
     Requesting Default device based on environment variable for platform index 0 and device index 0
     ERROR: clGetPlatformIDs failed! ((unknown) from 2.0/test_conformance/allocations/../../test_common/harness/testHarness.c:259)
     ----------------------------------------------------------------------------------------
  *******************************************************************************************
  *  (28-Apr 14:57:19)     Test Thread Dimensions ==> FAILED: 255
  *******************************************************************************************
     ----------------------------------------------------------------------------------------

========================================================================================
========================================================================================
(28-Apr 14:57:19)     Running Tests: multiple_device_context/test_multiples
========================================================================================
========================================================================================
     ----------------------------------------------------------------------------------------
     (28-Apr 14:57:19)     Running Sub Test: Multiple Device/Context
     ----------------------------------------------------------------------------------------
      Initializing random seed to 0.
     Requesting Default device based on environment variable for platform index 0 and device index 0
     ERROR: clGetPlatformIDs failed! ((unknown) from 2.0/test_conformance/allocations/../../test_common/harness/testHarness.c:259)
     ----------------------------------------------------------------------------------------
  *******************************************************************************************
  *  (28-Apr 14:57:21)     Test Multiple Device/Context ==> FAILED: 255
  *******************************************************************************************
     ----------------------------------------------------------------------------------------

========================================================================================
========================================================================================
(28-Apr 14:57:21)     Running Tests: atomics/test_atomics
========================================================================================
========================================================================================
     ----------------------------------------------------------------------------------------
     (28-Apr 14:57:21)     Running Sub Test: Atomics
     ----------------------------------------------------------------------------------------
      Initializing random seed to 0.
     Requesting Default device based on environment variable for platform index 0 and device index 0
     ERROR: clGetPlatformIDs failed! ((unknown) from 2.0/test_conformance/allocations/../../test_common/harness/testHarness.c:259)
     ----------------------------------------------------------------------------------------
  *******************************************************************************************
  *  (28-Apr 14:57:23)     Test Atomics ==> FAILED: 255
  *******************************************************************************************
     ----------------------------------------------------------------------------------------

========================================================================================
========================================================================================
(28-Apr 14:57:23)     Running Tests: profiling/test_profiling
========================================================================================
========================================================================================
     ----------------------------------------------------------------------------------------
     (28-Apr 14:57:23)     Running Sub Test: Profiling
     ----------------------------------------------------------------------------------------
      Initializing random seed to 0.
     Requesting Default device based on environment variable for platform index 0 and device index 0
     ERROR: clGetPlatformIDs failed! ((unknown) from 2.0/test_conformance/allocations/../../test_common/harness/testHarness.c:259)
     ----------------------------------------------------------------------------------------
  *******************************************************************************************
  *  (28-Apr 14:57:25)     Test Profiling ==> FAILED: 255
  *******************************************************************************************
     ----------------------------------------------------------------------------------------

========================================================================================
========================================================================================
(28-Apr 14:57:25)     Running Tests: events/test_events
========================================================================================
========================================================================================
     ----------------------------------------------------------------------------------------
     (28-Apr 14:57:25)     Running Sub Test: Events
     ----------------------------------------------------------------------------------------
      Initializing random seed to 0.
     Requesting Default device based on environment variable for platform index 0 and device index 0
     ERROR: clGetPlatformIDs failed! ((unknown) from 2.0/test_conformance/allocations/../../test_common/harness/testHarness.c:259)
     ----------------------------------------------------------------------------------------
  *******************************************************************************************
  *  (28-Apr 14:57:27)     Test Events ==> FAILED: 255
  *******************************************************************************************
     ----------------------------------------------------------------------------------------

========================================================================================
========================================================================================
(28-Apr 14:57:27)     Running Tests: allocations/test_allocations single 5 all
========================================================================================
========================================================================================
     ----------------------------------------------------------------------------------------
     (28-Apr 14:57:27)     Running Sub Test: Allocations (single maximum)
     ----------------------------------------------------------------------------------------
     Requesting Default device based on environment variable
     ERROR: clGetPlatformIDs failed! ((unknown) from 2.0/test_conformance/allocations/main.cpp:66)
     ----------------------------------------------------------------------------------------
  *******************************************************************************************
  *  (28-Apr 14:57:29)     Test Allocations (single maximum) ==> FAILED: 255
  *******************************************************************************************
     ----------------------------------------------------------------------------------------

========================================================================================
========================================================================================
(28-Apr 14:57:29)     Running Tests: allocations/test_allocations multiple 5 all 
========================================================================================
========================================================================================
     ----------------------------------------------------------------------------------------
     (28-Apr 14:57:29)     Running Sub Test: Allocations (total maximum)
     ----------------------------------------------------------------------------------------
     Requesting Default device based on environment variable
     ERROR: clGetPlatformIDs failed! ((unknown) from 2.0/test_conformance/allocations/main.cpp:66)
     ----------------------------------------------------------------------------------------
  *******************************************************************************************
  *  (28-Apr 14:57:30)     Test Allocations (total maximum) ==> FAILED: 255
  *******************************************************************************************
     ----------------------------------------------------------------------------------------

========================================================================================
========================================================================================
(28-Apr 14:57:30)     Running Tests: vec_align/test_vecalign
========================================================================================
========================================================================================
     ----------------------------------------------------------------------------------------
     (28-Apr 14:57:30)     Running Sub Test: VecAlign
     ----------------------------------------------------------------------------------------
      Initializing random seed to 0.
     Requesting Default device based on environment variable for platform index 0 and device index 0
     ERROR: clGetPlatformIDs failed! ((unknown) from 2.0/test_conformance/allocations/../../test_common/harness/testHarness.c:259)
     ----------------------------------------------------------------------------------------
  *******************************************************************************************
  *  (28-Apr 14:57:31)     Test VecAlign ==> FAILED: 255
  *******************************************************************************************
     ----------------------------------------------------------------------------------------

========================================================================================
========================================================================================
(28-Apr 14:57:31)     Running Tests: vec_step/test_vecstep
========================================================================================
========================================================================================
     ----------------------------------------------------------------------------------------
     (28-Apr 14:57:31)     Running Sub Test: VecStep
     ----------------------------------------------------------------------------------------
      Initializing random seed to 0.
     Requesting Default device based on environment variable for platform index 0 and device index 0
     ERROR: clGetPlatformIDs failed! ((unknown) from 2.0/test_conformance/allocations/../../test_common/harness/testHarness.c:259)
     ----------------------------------------------------------------------------------------
  *******************************************************************************************
  *  (28-Apr 14:57:34)     Test VecStep ==> FAILED: 255
  *******************************************************************************************
     ----------------------------------------------------------------------------------------

========================================================================================
========================================================================================
(28-Apr 14:57:34)     Running Tests: printf/test_printf
========================================================================================
========================================================================================
     ----------------------------------------------------------------------------------------
     (28-Apr 14:57:34)     Running Sub Test: Printf
     ----------------------------------------------------------------------------------------
     ----------------------------------------------------------------------------------------
  *******************************************************************************************
  *  (28-Apr 14:57:36)     Test Printf ==> FAILED: 255
  *******************************************************************************************
     ----------------------------------------------------------------------------------------

========================================================================================
========================================================================================
(28-Apr 14:57:36)     Running Tests: device_partition/test_device_partition
========================================================================================
========================================================================================
     ----------------------------------------------------------------------------------------
     (28-Apr 14:57:36)     Running Sub Test: Device Partition
     ----------------------------------------------------------------------------------------
      Initializing random seed to 0.
     Requesting Default device based on environment variable for platform index 0 and device index 0
     ERROR: clGetPlatformIDs failed! ((unknown) from 2.0/test_conformance/allocations/../../test_common/harness/testHarness.c:259)
     ----------------------------------------------------------------------------------------
  *******************************************************************************************
  *  (28-Apr 14:57:37)     Test Device Partition ==> FAILED: 255
  *******************************************************************************************
     ----------------------------------------------------------------------------------------

========================================================================================
========================================================================================
(28-Apr 14:57:37)     Running Tests: buffers/test_buffers
========================================================================================
========================================================================================
     ----------------------------------------------------------------------------------------
     (28-Apr 14:57:37)     Running Sub Test: Buffers
     ----------------------------------------------------------------------------------------
      Initializing random seed to 0.
     Requesting Default device based on environment variable for platform index 0 and device index 0
     ERROR: clGetPlatformIDs failed! ((unknown) from 2.0/test_conformance/allocations/../../test_common/harness/testHarness.c:259)
     ----------------------------------------------------------------------------------------
  *******************************************************************************************
  *  (28-Apr 14:57:39)     Test Buffers ==> FAILED: 255
  *******************************************************************************************
     ----------------------------------------------------------------------------------------

========================================================================================
========================================================================================
(28-Apr 14:57:39)     Running Tests: images/clGetInfo/test_cl_get_info 
========================================================================================
========================================================================================
     ----------------------------------------------------------------------------------------
     (28-Apr 14:57:39)     Running Sub Test: Images (API Info)
     ----------------------------------------------------------------------------------------
     Requesting Default device based on environment variable
     ERROR: Unable to get platform! ((unknown) from 2.0/test_conformance/images/clGetInfo/main.cpp:136)
     ----------------------------------------------------------------------------------------
  *******************************************************************************************
  *  (28-Apr 14:57:41)     Test Images (API Info) ==> FAILED: 255
  *******************************************************************************************
     ----------------------------------------------------------------------------------------

========================================================================================
========================================================================================
(28-Apr 14:57:41)     Running Tests: images/kernel_image_methods/test_kernel_image_methods 
========================================================================================
========================================================================================
     ----------------------------------------------------------------------------------------
     (28-Apr 14:57:41)     Running Sub Test: Images (Kernel Methods)
     ----------------------------------------------------------------------------------------
     Requesting Default device based on environment variable
     ERROR: Unable to get platform! ((unknown) from 2.0/test_conformance/images/kernel_image_methods/main.cpp:134)
     ----------------------------------------------------------------------------------------
  *******************************************************************************************
  *  (28-Apr 14:57:43)     Test Images (Kernel Methods) ==> FAILED: 255
  *******************************************************************************************
     ----------------------------------------------------------------------------------------

========================================================================================
========================================================================================
(28-Apr 14:57:43)     Running Tests: images/kernel_read_write/test_image_streams CL_FILTER_NEAREST
========================================================================================
========================================================================================
     ----------------------------------------------------------------------------------------
     (28-Apr 14:57:43)     Running Sub Test: Images (Kernel)
     ----------------------------------------------------------------------------------------
     Requesting Default device based on environment variable
     ERROR: Unable to get platform! ((unknown) from 2.0/test_conformance/images/kernel_read_write/main.cpp:342)
     ----------------------------------------------------------------------------------------
  *******************************************************************************************
  *  (28-Apr 14:57:45)     Test Images (Kernel) ==> FAILED: 255
  *******************************************************************************************
     ----------------------------------------------------------------------------------------

========================================================================================
========================================================================================
(28-Apr 14:57:45)     Running Tests: images/kernel_read_write/test_image_streams use_pitches CL_FILTER_NEAREST
========================================================================================
========================================================================================
     ----------------------------------------------------------------------------------------
     (28-Apr 14:57:45)     Running Sub Test: Images (Kernel pitch)
     ----------------------------------------------------------------------------------------
     Requesting Default device based on environment variable
     ERROR: Unable to get platform! ((unknown) from 2.0/test_conformance/images/kernel_read_write/main.cpp:342)
     ----------------------------------------------------------------------------------------
  *******************************************************************************************
  *  (28-Apr 14:57:46)     Test Images (Kernel pitch) ==> FAILED: 255
  *******************************************************************************************
     ----------------------------------------------------------------------------------------

========================================================================================
========================================================================================
(28-Apr 14:57:46)     Running Tests: images/kernel_read_write/test_image_streams max_images CL_FILTER_NEAREST
========================================================================================
========================================================================================
     ----------------------------------------------------------------------------------------
     (28-Apr 14:57:46)     Running Sub Test: Images (Kernel max size)
     ----------------------------------------------------------------------------------------
     Requesting Default device based on environment variable
     ERROR: Unable to get platform! ((unknown) from 2.0/test_conformance/images/kernel_read_write/main.cpp:342)
     ----------------------------------------------------------------------------------------
  *******************************************************************************************
  *  (28-Apr 14:57:47)     Test Images (Kernel max size) ==> FAILED: 255
  *******************************************************************************************
     ----------------------------------------------------------------------------------------

========================================================================================
========================================================================================
(28-Apr 14:57:47)     Running Tests: images/clCopyImage/test_cl_copy_images
========================================================================================
========================================================================================
     ----------------------------------------------------------------------------------------
     (28-Apr 14:57:47)     Running Sub Test: Images (clCopyImage)
     ----------------------------------------------------------------------------------------
     Requesting Default device based on environment variable
     ERROR: Unable to get platform! ((unknown) from 2.0/test_conformance/images/clCopyImage/main.cpp:171)
     ----------------------------------------------------------------------------------------
  *******************************************************************************************
  *  (28-Apr 14:57:49)     Test Images (clCopyImage) ==> FAILED: 255
  *******************************************************************************************
     ----------------------------------------------------------------------------------------

========================================================================================
========================================================================================
(28-Apr 14:57:49)     Running Tests: images/clCopyImage/test_cl_copy_images small_images
========================================================================================
========================================================================================
     ----------------------------------------------------------------------------------------
     (28-Apr 14:57:49)     Running Sub Test: Images (clCopyImage small)
     ----------------------------------------------------------------------------------------
     Requesting Default device based on environment variable
     ERROR: Unable to get platform! ((unknown) from 2.0/test_conformance/images/clCopyImage/main.cpp:171)
     ----------------------------------------------------------------------------------------
  *******************************************************************************************
  *  (28-Apr 14:57:50)     Test Images (clCopyImage small) ==> FAILED: 255
  *******************************************************************************************
     ----------------------------------------------------------------------------------------

========================================================================================
========================================================================================
(28-Apr 14:57:50)     Running Tests: images/clCopyImage/test_cl_copy_images max_images 
========================================================================================
========================================================================================
     ----------------------------------------------------------------------------------------
     (28-Apr 14:57:50)     Running Sub Test: Images (clCopyImage max size)
     ----------------------------------------------------------------------------------------
     Requesting Default device based on environment variable
     ERROR: Unable to get platform! ((unknown) from 2.0/test_conformance/images/clCopyImage/main.cpp:171)
     ----------------------------------------------------------------------------------------
  *******************************************************************************************
  *  (28-Apr 14:57:51)     Test Images (clCopyImage max size) ==> FAILED: 255
  *******************************************************************************************
     ----------------------------------------------------------------------------------------

========================================================================================
========================================================================================
(28-Apr 14:57:51)     Running Tests: images/clReadWriteImage/test_cl_read_write_images 
========================================================================================
========================================================================================
     ----------------------------------------------------------------------------------------
     (28-Apr 14:57:51)     Running Sub Test: Images (clReadWriteImage)
     ----------------------------------------------------------------------------------------
     Requesting Default device based on environment variable
     ERROR: Unable to get platform! ((unknown) from 2.0/test_conformance/images/clReadWriteImage/main.cpp:144)
     ----------------------------------------------------------------------------------------
  *******************************************************************************************
  *  (28-Apr 14:57:53)     Test Images (clReadWriteImage) ==> FAILED: 255
  *******************************************************************************************
     ----------------------------------------------------------------------------------------

========================================================================================
========================================================================================
(28-Apr 14:57:53)     Running Tests: images/clReadWriteImage/test_cl_read_write_images use_pitches 
========================================================================================
========================================================================================
     ----------------------------------------------------------------------------------------
     (28-Apr 14:57:53)     Running Sub Test: Images (clReadWriteImage pitch)
     ----------------------------------------------------------------------------------------
     Requesting Default device based on environment variable
     ERROR: Unable to get platform! ((unknown) from 2.0/test_conformance/images/clReadWriteImage/main.cpp:144)
     ----------------------------------------------------------------------------------------
  *******************************************************************************************
  *  (28-Apr 14:57:54)     Test Images (clReadWriteImage pitch) ==> FAILED: 255
  *******************************************************************************************
     ----------------------------------------------------------------------------------------

========================================================================================
========================================================================================
(28-Apr 14:57:54)     Running Tests: images/clReadWriteImage/test_cl_read_write_images max_images 
========================================================================================
========================================================================================
     ----------------------------------------------------------------------------------------
     (28-Apr 14:57:54)     Running Sub Test: Images (clReadWriteImage max size)
     ----------------------------------------------------------------------------------------
     Requesting Default device based on environment variable
     ERROR: Unable to get platform! ((unknown) from 2.0/test_conformance/images/clReadWriteImage/main.cpp:144)
     ----------------------------------------------------------------------------------------
  *******************************************************************************************
  *  (28-Apr 14:57:55)     Test Images (clReadWriteImage max size) ==> FAILED: 255
  *******************************************************************************************
     ----------------------------------------------------------------------------------------

========================================================================================
========================================================================================
(28-Apr 14:57:55)     Running Tests: images/clFillImage/test_cl_fill_images 
========================================================================================
========================================================================================
     ----------------------------------------------------------------------------------------
     (28-Apr 14:57:55)     Running Sub Test: Images (clFillImage)
     ----------------------------------------------------------------------------------------
     Requesting Default device based on environment variable
     ERROR: Unable to get platform! ((unknown) from 2.0/test_conformance/images/clFillImage/main.cpp:157)
     ----------------------------------------------------------------------------------------
  *******************************************************************************************
  *  (28-Apr 14:57:58)     Test Images (clFillImage) ==> FAILED: 255
  *******************************************************************************************
     ----------------------------------------------------------------------------------------

========================================================================================
========================================================================================
(28-Apr 14:57:58)     Running Tests: images/clFillImage/test_cl_fill_images use_pitches 
========================================================================================
========================================================================================
     ----------------------------------------------------------------------------------------
     (28-Apr 14:57:58)     Running Sub Test: Images (clFillImage pitch)
     ----------------------------------------------------------------------------------------
     Requesting Default device based on environment variable
     ERROR: Unable to get platform! ((unknown) from 2.0/test_conformance/images/clFillImage/main.cpp:157)
     ----------------------------------------------------------------------------------------
  *******************************************************************************************
  *  (28-Apr 14:57:59)     Test Images (clFillImage pitch) ==> FAILED: 255
  *******************************************************************************************
     ----------------------------------------------------------------------------------------

========================================================================================
========================================================================================
(28-Apr 14:57:59)     Running Tests: images/clFillImage/test_cl_fill_images max_images 
========================================================================================
========================================================================================
     ----------------------------------------------------------------------------------------
     (28-Apr 14:57:59)     Running Sub Test: Images (clFillImage max size)
     ----------------------------------------------------------------------------------------
     Requesting Default device based on environment variable
     ERROR: Unable to get platform! ((unknown) from 2.0/test_conformance/images/clFillImage/main.cpp:157)
     ----------------------------------------------------------------------------------------
  *******************************************************************************************
  *  (28-Apr 14:58:00)     Test Images (clFillImage max size) ==> FAILED: 255
  *******************************************************************************************
     ----------------------------------------------------------------------------------------

========================================================================================
========================================================================================
(28-Apr 14:58:00)     Running Tests: images/samplerlessReads/test_samplerless_reads 
========================================================================================
========================================================================================
     ----------------------------------------------------------------------------------------
     (28-Apr 14:58:00)     Running Sub Test: Images (Samplerless)
     ----------------------------------------------------------------------------------------
     Requesting Default device based on environment variable
     ERROR: Unable to get platform! ((unknown) from 2.0/test_conformance/images/samplerlessReads/main.cpp:174)
     ----------------------------------------------------------------------------------------
  *******************************************************************************************
  *  (28-Apr 14:58:02)     Test Images (Samplerless) ==> FAILED: 255
  *******************************************************************************************
     ----------------------------------------------------------------------------------------

========================================================================================
========================================================================================
(28-Apr 14:58:02)     Running Tests: images/samplerlessReads/test_samplerless_reads use_pitches 
========================================================================================
========================================================================================
     ----------------------------------------------------------------------------------------
     (28-Apr 14:58:02)     Running Sub Test: Images (Samplerless pitch)
     ----------------------------------------------------------------------------------------
     Requesting Default device based on environment variable
     ERROR: Unable to get platform! ((unknown) from 2.0/test_conformance/images/samplerlessReads/main.cpp:174)
     ----------------------------------------------------------------------------------------
  *******************************************************************************************
  *  (28-Apr 14:58:03)     Test Images (Samplerless pitch) ==> FAILED: 255
  *******************************************************************************************
     ----------------------------------------------------------------------------------------

========================================================================================
========================================================================================
(28-Apr 14:58:03)     Running Tests: images/samplerlessReads/test_samplerless_reads max_images 
========================================================================================
========================================================================================
     ----------------------------------------------------------------------------------------
     (28-Apr 14:58:03)     Running Sub Test: Images (Samplerless max size)
     ----------------------------------------------------------------------------------------
     Requesting Default device based on environment variable
     ERROR: Unable to get platform! ((unknown) from 2.0/test_conformance/images/samplerlessReads/main.cpp:174)
     ----------------------------------------------------------------------------------------
  *******************************************************************************************
  *  (28-Apr 14:58:04)     Test Images (Samplerless max size) ==> FAILED: 255
  *******************************************************************************************
     ----------------------------------------------------------------------------------------

========================================================================================
========================================================================================
(28-Apr 14:58:04)     Running Tests: mem_host_flags/test_mem_host_flags
========================================================================================
========================================================================================
     ----------------------------------------------------------------------------------------
     (28-Apr 14:58:04)     Running Sub Test: Mem (Host Flags)
     ----------------------------------------------------------------------------------------
     1st part, non gl-sharing objects...
      Initializing random seed to 0.
     Requesting Default device based on environment variable for platform index 0 and device index 0
     ERROR: clGetPlatformIDs failed! ((unknown) from 2.0/test_conformance/allocations/../../test_common/harness/testHarness.c:259)
     ----------------------------------------------------------------------------------------
  *******************************************************************************************
  *  (28-Apr 14:58:06)     Test Mem (Host Flags) ==> FAILED: 255
  *******************************************************************************************
     ----------------------------------------------------------------------------------------

========================================================================================
========================================================================================
(28-Apr 14:58:06)     Running Tests: headers/test_headers
========================================================================================
========================================================================================
     ----------------------------------------------------------------------------------------
     (28-Apr 14:58:06)     Running Sub Test: Headers (cl_typen)
     ----------------------------------------------------------------------------------------
     
     Checking operations on cl_types.
     Numbers, where presented, should walk upward from 0, with step of 1:
     
     Verifying assignment:
     b:   0
     b2:  0 1 
     b4:  0 1 2 3
     b8:  0 1 2 3 4 5 6 7
     b16: 0 1 2 3 4 5 6 7 8 9 10 11 12 13 14 15
     
     Verifying vector access:
     __cl_char2 SIMD vectors not supported on this architecture.
     __cl_char4 SIMD vectors not supported on this architecture.
     __cl_char8:  0 1 2 3 4 5 6 7 
     __cl_char16: 0 1 2 3 4 5 6 7 8 9 10 11 12 13 14 15 
     
     
     Verifying assignment:
     b:   0
     b2:  0 1 
     b4:  0 1 2 3
     b8:  0 1 2 3 4 5 6 7
     b16: 0 1 2 3 4 5 6 7 8 9 10 11 12 13 14 15
     
     Verifying vector access:
     __cl_uchar2 SIMD vectors not supported on this architecture.
     __cl_uchar4 SIMD vectors not supported on this architecture.
     __cl_uchar8:  0 1 2 3 4 5 6 7 
     __cl_uchar16: 0 1 2 3 4 5 6 7 8 9 10 11 12 13 14 15 
     
     
     Verifying assignment:
     b:   0
     b2:  0 1 
     b4:  0 1 2 3
     b8:  0 1 2 3 4 5 6 7
     b16: 0 1 2 3 4 5 6 7 8 9 10 11 12 13 14 15
     
     Verifying vector access:
     __cl_short2 SIMD vectors not supported on this architecture.
     __cl_short4:  0 1 2 3 
     __cl_short8:  0 1 2 3 4 5 6 7 
     __cl_short16 SIMD vectors not supported on this architecture.
     
     
     Verifying assignment:
     b:   0
     b2:  0 1 
     b4:  0 1 2 3
     b8:  0 1 2 3 4 5 6 7
     b16: 0 1 2 3 4 5 6 7 8 9 10 11 12 13 14 15
     
     Verifying vector access:
     __cl_ushort2 SIMD vectors not supported on this architecture.
     __cl_ushort4:  0 1 2 3 
     __cl_ushort8:  0 1 2 3 4 5 6 7 
     __cl_ushort16 SIMD vectors not supported on this architecture.
     
     
     Verifying assignment:
     b:   0
     b2:  0 1 
     b4:  0 1 2 3
     b8:  0 1 2 3 4 5 6 7
     b16: 0 1 2 3 4 5 6 7 8 9 10 11 12 13 14 15
     
     Verifying vector access:
     __cl_int2:  0 1 
     __cl_int4:  0 1 2 3 
     __cl_int8 SIMD vectors not supported on this architecture.
     __cl_int16 SIMD vectors not supported on this architecture.
     
     
     Verifying assignment:
     b:   0
     b2:  0 1 
     b4:  0 1 2 3
     b8:  0 1 2 3 4 5 6 7
     b16: 0 1 2 3 4 5 6 7 8 9 10 11 12 13 14 15
     
     Verifying vector access:
     __cl_uint2:  0 1 
     __cl_uint4:  0 1 2 3 
     __cl_uint8 SIMD vectors not supported on this architecture.
     __cl_uint16 SIMD vectors not supported on this architecture.
     
     
     Verifying assignment:
     b:   0
     b2:  0 1 
     b4:  0 1 2 3
     b8:  0 1 2 3 4 5 6 7
     b16: 0 1 2 3 4 5 6 7 8 9 10 11 12 13 14 15
     
     Verifying vector access:
     __cl_long2:  0 1 
     __cl_long4 SIMD vectors not supported on this architecture.
     __cl_long8 SIMD vectors not supported on this architecture.
     __cl_long16 SIMD vectors not supported on this architecture.
     
     
     Verifying assignment:
     b:   0
     b2:  0 1 
     b4:  0 1 2 3
     b8:  0 1 2 3 4 5 6 7
     b16: 0 1 2 3 4 5 6 7 8 9 10 11 12 13 14 15
     
     Verifying vector access:
     __cl_ulong2:  0 1 
     __cl_ulong4 SIMD vectors not supported on this architecture.
     __cl_ulong8 SIMD vectors not supported on this architecture.
     __cl_ulong16 SIMD vectors not supported on this architecture.
     
     
     Verifying assignment:
     b:   0.000000
     b2:  0.000000 1.000000 
     b4:  0.000000 1.000000 2.000000 3.000000
     b8:  0.000000 1.000000 2.000000 3.000000 4.000000 5.000000 6.000000 7.000000
     b16: 0.000000 1.000000 2.000000 3.000000 4.000000 5.000000 6.000000 7.000000 8.000000 9.000000 10.000000 11.000000 12.000000 13.000000 14.000000 15.000000
     
     Verifying vector access:
     __cl_float2:  0.000000 1.000000 
     __cl_float4:  0.000000 1.000000 2.000000 3.000000 
     __cl_float8 SIMD vectors not supported on this architecture.
     __cl_float16 SIMD vectors not supported on this architecture.
     
     
     Verifying assignment:
     b:   0.000000
     b2:  0.000000 1.000000 
     b4:  0.000000 1.000000 2.000000 3.000000
     b8:  0.000000 1.000000 2.000000 3.000000 4.000000 5.000000 6.000000 7.000000
     b16: 0.000000 1.000000 2.000000 3.000000 4.000000 5.000000 6.000000 7.000000 8.000000 9.000000 10.000000 11.000000 12.000000 13.000000 14.000000 15.000000
     
     Verifying vector access:
     __cl_double2:  0.000000 1.000000 
     __cl_double4 SIMD vectors not supported on this architecture.
     __cl_double8 SIMD vectors not supported on this architecture.
     __cl_double16 SIMD vectors not supported on this architecture.
     
     PASSED test.
     ----------------------------------------------------------------------------------------
     (28-Apr 14:58:09)     Test Headers (cl_typen) passed in 3.0111811161s
     ----------------------------------------------------------------------------------------

========================================================================================
========================================================================================
(28-Apr 14:58:09)     Running Tests: headers/test_cl_h
========================================================================================
========================================================================================
     ----------------------------------------------------------------------------------------
     (28-Apr 14:58:09)     Running Sub Test: Headers (cl.h standalone)
     ----------------------------------------------------------------------------------------
     cl.h standalone test PASSED.
     ----------------------------------------------------------------------------------------
     (28-Apr 14:58:11)     Test Headers (cl.h standalone) passed in 2.02838206291s
     ----------------------------------------------------------------------------------------

========================================================================================
========================================================================================
(28-Apr 14:58:11)     Running Tests: headers/test_cl_platform_h
========================================================================================
========================================================================================
     ----------------------------------------------------------------------------------------
     (28-Apr 14:58:11)     Running Sub Test: Headers (cl_platform.h standalone)
     ----------------------------------------------------------------------------------------
     cl_platform.h standalone test PASSED.

FAILED: Execution interrupted.  Killing test process, but not aborting full test run.
