Testing on: ['CL_DEVICE_TYPE_DEFAULT']
Test execution arguments: ['run_conformance.py', 'opencl_conformance_tests_reallyquick.csv']
Logging to file opencl_conformance_results_2020-05-15_12-30.log.
Loaded tests from opencl_conformance_tests_reallyquick.csv, total of 59 tests selected to run:
Compute Info                                       (computeinfo/computeinfo)
Basic                                              (basic/test_basic)
API                                                (api/test_api)
Compiler                                           (compiler/test_compiler)
Common Functions                                   (commonfns/test_commonfns)
Geometric Functions                                (geometrics/test_geometrics)
Relationals                                        (relationals/test_relationals relational_*)
Thread Dimensions                                  (thread_dimensions/test_thread_dimensions quick*)
Multiple Device/Context                            (multiple_device_context/test_multiples)
Atomics                                            (atomics/test_atomics)
Profiling                                          (profiling/test_profiling)
Events                                             (events/test_events)
Allocations (single maximum)                       (allocations/test_allocations single 1 buffer)
Allocations (total maximum)                        (allocations/test_allocations multiple 1 buffer)
Printf                                             (printf/test_printf)
Device Partitioning                                (device_partition/test_device_partition)
Buffers                                            (buffers/test_buffers buffer_read_int buffer_write_int buffer_map_read_int buffer_map_write_int sub_buffers*)
Mem (Host Flags)                                   (mem_host_flags/test_mem_host_flags)
Headers (cl_typen)                                 (headers/test_headers)
Headers (cl.h standalone)                          (headers/test_cl_h)
Headers (cl_platform.h standalone)                 (headers/test_cl_platform_h)
Headers (cl_gl.h standalone)                       (headers/test_cl_gl_h)
Headers (opencl.h standalone)                      (headers/test_opencl_h)
OpenCL-GL Sharing                                  (gl/test_gl)
Select                                             (select/test_select -w)
Conversions                                        (conversions/test_conversions -w1)
Contractions                                       (contractions/contractions)
Math                                               (math_brute_force/bruteforce -w1)
Integer Ops                                        (integer_ops/test_integer_ops quick_char* quick_short_* quick_int* quick_long*)
Half Ops                                           (half/Test_half -w)
Basic 1.2                                          (compatibility/test_conformance/basic/test_basic)
API 1.2                                            (compatibility/test_conformance/api/test_api)
C11 Atomics (atomic_init)                          (c11_atomics/test_c11_atomics atomic_init)
C11 Atomics (atomic_store)                         (c11_atomics/test_c11_atomics atomic_store)
C11 Atomics (atomic_load)                          (c11_atomics/test_c11_atomics atomic_load)
C11 Atomics (atomic_exchange)                      (c11_atomics/test_c11_atomics atomic_exchange)
C11 Atomics (atomic_compare_exchange_weak)         (c11_atomics/test_c11_atomics atomic_compare_exchange_weak)
C11 Atomics (atomic_compare_exchange_strong)       (c11_atomics/test_c11_atomics atomic_compare_exchange_strong)
C11 Atomics (atomic_fetch_add)                     (c11_atomics/test_c11_atomics atomic_fetch_add)
C11 Atomics (atomic_fetch_sub)                     (c11_atomics/test_c11_atomics atomic_fetch_sub)
C11 Atomics (atomic_fetch_and)                     (c11_atomics/test_c11_atomics atomic_fetch_and)
C11 Atomics (atomic_fetch_or)                      (c11_atomics/test_c11_atomics atomic_fetch_or)
C11 Atomics (atomic_fetch_orand)                   (c11_atomics/test_c11_atomics atomic_fetch_orand)
C11 Atomics (atomic_fetch_xor)                     (c11_atomics/test_c11_atomics atomic_fetch_xor)
C11 Atomics (atomic_fetch_xor2)                    (c11_atomics/test_c11_atomics atomic_fetch_xor2)
C11 Atomics (atomic_fetch_min)                     (c11_atomics/test_c11_atomics atomic_fetch_min)
C11 Atomics (atomic_fetch_max)                     (c11_atomics/test_c11_atomics atomic_fetch_max)
C11 Atomics (atomic_fence)                         (c11_atomics/test_c11_atomics atomic_fence)
C11 Atomics (svm)                                  (c11_atomics/test_c11_atomics svm_atomic*)
Execution Model                                    (device_execution/test_device_execution)
Generic Address Space                              (generic_address_space/test_generic_address_space)
Non Uniform Work Groups                            (non_uniform_work_group/test_non_uniform_work_group)
Pipes                                              (pipes/test_pipes)
SVM                                                (SVM/test_SVM)
Workgroups                                         (workgroups/test_workgroups)
Mipmaps (Kernel)                                   (images/kernel_read_write/test_image_streams test_mipmaps CL_FILTER_NEAREST)
Mipmaps (clCopyImage)                              (images/clCopyImage/test_cl_copy_images test_mipmaps)
Mipmaps (clReadWriteImage)                         (images/clReadWriteImage/test_cl_read_write_images test_mipmaps)
Subgroups                                          (subgroups/test_subgroups)
========================================================================================
========================================================================================
                     Setting CL_DEVICE_TYPE to CL_DEVICE_TYPE_DEFAULT                     
========================================================================================
========================================================================================
========================================================================================
========================================================================================
(15-May 12:30:46)     Running Tests: computeinfo/computeinfo
========================================================================================
========================================================================================
     ----------------------------------------------------------------------------------------
     (15-May 12:30:46)     Running Sub Test: Compute Info
     ----------------------------------------------------------------------------------------
     ERROR: clGetPlatformIDs failed! ((unknown) from 2.0/test_conformance/computeinfo/main.c:729)
     ----------------------------------------------------------------------------------------
  *******************************************************************************************
  *  (15-May 12:30:48)     Test Compute Info ==> FAILED: 23
  *******************************************************************************************
     ----------------------------------------------------------------------------------------

========================================================================================
========================================================================================
(15-May 12:30:48)     Running Tests: basic/test_basic
========================================================================================
========================================================================================
     ----------------------------------------------------------------------------------------
     (15-May 12:30:48)     Running Sub Test: Basic
     ----------------------------------------------------------------------------------------
      Initializing random seed to 0.
     Requesting Default device based on environment variable for platform index 0 and device index 0
     ERROR: clGetPlatformIDs failed! ((unknown) from 2.0/test_conformance/allocations/../../test_common/harness/testHarness.c:259)
     ----------------------------------------------------------------------------------------
  *******************************************************************************************
  *  (15-May 12:30:50)     Test Basic ==> FAILED: 255
  *******************************************************************************************
     ----------------------------------------------------------------------------------------

========================================================================================
========================================================================================
(15-May 12:30:50)     Running Tests: api/test_api
========================================================================================
========================================================================================
     ----------------------------------------------------------------------------------------
     (15-May 12:30:50)     Running Sub Test: API
     ----------------------------------------------------------------------------------------
      Initializing random seed to 0.
     Requesting Default device based on environment variable for platform index 0 and device index 0
     ERROR: clGetPlatformIDs failed! ((unknown) from 2.0/test_conformance/allocations/../../test_common/harness/testHarness.c:259)
     ----------------------------------------------------------------------------------------
  *******************************************************************************************
  *  (15-May 12:30:52)     Test API ==> FAILED: 255
  *******************************************************************************************
     ----------------------------------------------------------------------------------------

========================================================================================
========================================================================================
(15-May 12:30:52)     Running Tests: compiler/test_compiler
========================================================================================
========================================================================================
     ----------------------------------------------------------------------------------------
     (15-May 12:30:52)     Running Sub Test: Compiler
     ----------------------------------------------------------------------------------------
      Initializing random seed to 0.
     Requesting Default device based on environment variable for platform index 0 and device index 0
     ERROR: clGetPlatformIDs failed! ((unknown) from 2.0/test_conformance/allocations/../../test_common/harness/testHarness.c:259)
     ----------------------------------------------------------------------------------------
  *******************************************************************************************
  *  (15-May 12:30:54)     Test Compiler ==> FAILED: 255
  *******************************************************************************************
     ----------------------------------------------------------------------------------------

========================================================================================
========================================================================================
(15-May 12:30:54)     Running Tests: commonfns/test_commonfns
========================================================================================
========================================================================================
     ----------------------------------------------------------------------------------------
     (15-May 12:30:54)     Running Sub Test: Common Functions
     ----------------------------------------------------------------------------------------
      Initializing random seed to 0.
     Requesting Default device based on environment variable for platform index 0 and device index 0
     ERROR: clGetPlatformIDs failed! ((unknown) from 2.0/test_conformance/allocations/../../test_common/harness/testHarness.c:259)
     ----------------------------------------------------------------------------------------
  *******************************************************************************************
  *  (15-May 12:30:56)     Test Common Functions ==> FAILED: 255
  *******************************************************************************************
     ----------------------------------------------------------------------------------------

========================================================================================
========================================================================================
(15-May 12:30:56)     Running Tests: geometrics/test_geometrics
========================================================================================
========================================================================================
     ----------------------------------------------------------------------------------------
     (15-May 12:30:56)     Running Sub Test: Geometric Functions
     ----------------------------------------------------------------------------------------
      Initializing random seed to 0.
     Requesting Default device based on environment variable for platform index 0 and device index 0
     ERROR: clGetPlatformIDs failed! ((unknown) from 2.0/test_conformance/allocations/../../test_common/harness/testHarness.c:259)
     ----------------------------------------------------------------------------------------
  *******************************************************************************************
  *  (15-May 12:30:58)     Test Geometric Functions ==> FAILED: 255
  *******************************************************************************************
     ----------------------------------------------------------------------------------------

========================================================================================
========================================================================================
(15-May 12:30:58)     Running Tests: relationals/test_relationals relational_*
========================================================================================
========================================================================================
     ----------------------------------------------------------------------------------------
     (15-May 12:30:58)     Running Sub Test: Relationals
     ----------------------------------------------------------------------------------------
      Initializing random seed to 0.
     Requesting Default device based on environment variable for platform index 0 and device index 0
     ERROR: clGetPlatformIDs failed! ((unknown) from 2.0/test_conformance/allocations/../../test_common/harness/testHarness.c:259)
     ----------------------------------------------------------------------------------------
  *******************************************************************************************
  *  (15-May 12:31:00)     Test Relationals ==> FAILED: 255
  *******************************************************************************************
     ----------------------------------------------------------------------------------------

========================================================================================
========================================================================================
(15-May 12:31:00)     Running Tests: thread_dimensions/test_thread_dimensions quick*
========================================================================================
========================================================================================
     ----------------------------------------------------------------------------------------
     (15-May 12:31:00)     Running Sub Test: Thread Dimensions
     ----------------------------------------------------------------------------------------
      Initializing random seed to 0.
     Requesting Default device based on environment variable for platform index 0 and device index 0
     ERROR: clGetPlatformIDs failed! ((unknown) from 2.0/test_conformance/allocations/../../test_common/harness/testHarness.c:259)
     ----------------------------------------------------------------------------------------
  *******************************************************************************************
  *  (15-May 12:31:02)     Test Thread Dimensions ==> FAILED: 255
  *******************************************************************************************
     ----------------------------------------------------------------------------------------

========================================================================================
========================================================================================
(15-May 12:31:02)     Running Tests: multiple_device_context/test_multiples
========================================================================================
========================================================================================
     ----------------------------------------------------------------------------------------
     (15-May 12:31:02)     Running Sub Test: Multiple Device/Context
     ----------------------------------------------------------------------------------------
      Initializing random seed to 0.
     Requesting Default device based on environment variable for platform index 0 and device index 0
     ERROR: clGetPlatformIDs failed! ((unknown) from 2.0/test_conformance/allocations/../../test_common/harness/testHarness.c:259)
     ----------------------------------------------------------------------------------------
  *******************************************************************************************
  *  (15-May 12:31:04)     Test Multiple Device/Context ==> FAILED: 255
  *******************************************************************************************
     ----------------------------------------------------------------------------------------

========================================================================================
========================================================================================
(15-May 12:31:04)     Running Tests: atomics/test_atomics
========================================================================================
========================================================================================
     ----------------------------------------------------------------------------------------
     (15-May 12:31:04)     Running Sub Test: Atomics
     ----------------------------------------------------------------------------------------
      Initializing random seed to 0.
     Requesting Default device based on environment variable for platform index 0 and device index 0
     ERROR: clGetPlatformIDs failed! ((unknown) from 2.0/test_conformance/allocations/../../test_common/harness/testHarness.c:259)
     ----------------------------------------------------------------------------------------
  *******************************************************************************************
  *  (15-May 12:31:06)     Test Atomics ==> FAILED: 255
  *******************************************************************************************
     ----------------------------------------------------------------------------------------

========================================================================================
========================================================================================
(15-May 12:31:06)     Running Tests: profiling/test_profiling
========================================================================================
========================================================================================
     ----------------------------------------------------------------------------------------
     (15-May 12:31:06)     Running Sub Test: Profiling
     ----------------------------------------------------------------------------------------
      Initializing random seed to 0.
     Requesting Default device based on environment variable for platform index 0 and device index 0
     ERROR: clGetPlatformIDs failed! ((unknown) from 2.0/test_conformance/allocations/../../test_common/harness/testHarness.c:259)
     ----------------------------------------------------------------------------------------
  *******************************************************************************************
  *  (15-May 12:31:08)     Test Profiling ==> FAILED: 255
  *******************************************************************************************
     ----------------------------------------------------------------------------------------

========================================================================================
========================================================================================
(15-May 12:31:08)     Running Tests: events/test_events
========================================================================================
========================================================================================
     ----------------------------------------------------------------------------------------
     (15-May 12:31:08)     Running Sub Test: Events
     ----------------------------------------------------------------------------------------
      Initializing random seed to 0.
     Requesting Default device based on environment variable for platform index 0 and device index 0
     ERROR: clGetPlatformIDs failed! ((unknown) from 2.0/test_conformance/allocations/../../test_common/harness/testHarness.c:259)
     ----------------------------------------------------------------------------------------
  *******************************************************************************************
  *  (15-May 12:31:10)     Test Events ==> FAILED: 255
  *******************************************************************************************
     ----------------------------------------------------------------------------------------

========================================================================================
========================================================================================
(15-May 12:31:10)     Running Tests: allocations/test_allocations single 1 buffer
========================================================================================
========================================================================================
     ----------------------------------------------------------------------------------------
     (15-May 12:31:10)     Running Sub Test: Allocations (single maximum)
     ----------------------------------------------------------------------------------------
     Requesting Default device based on environment variable
     ERROR: clGetPlatformIDs failed! ((unknown) from 2.0/test_conformance/allocations/main.cpp:66)
     ----------------------------------------------------------------------------------------
  *******************************************************************************************
  *  (15-May 12:31:12)     Test Allocations (single maximum) ==> FAILED: 255
  *******************************************************************************************
     ----------------------------------------------------------------------------------------

========================================================================================
========================================================================================
(15-May 12:31:12)     Running Tests: allocations/test_allocations multiple 1 buffer
========================================================================================
========================================================================================
     ----------------------------------------------------------------------------------------
     (15-May 12:31:12)     Running Sub Test: Allocations (total maximum)
     ----------------------------------------------------------------------------------------
     Requesting Default device based on environment variable
     ERROR: clGetPlatformIDs failed! ((unknown) from 2.0/test_conformance/allocations/main.cpp:66)
     ----------------------------------------------------------------------------------------
  *******************************************************************************************
  *  (15-May 12:31:14)     Test Allocations (total maximum) ==> FAILED: 255
  *******************************************************************************************
     ----------------------------------------------------------------------------------------

========================================================================================
========================================================================================
(15-May 12:31:14)     Running Tests: printf/test_printf
========================================================================================
========================================================================================
     ----------------------------------------------------------------------------------------
     (15-May 12:31:14)     Running Sub Test: Printf
     ----------------------------------------------------------------------------------------
     ----------------------------------------------------------------------------------------
  *******************************************************************************************
  *  (15-May 12:31:17)     Test Printf ==> FAILED: 255
  *******************************************************************************************
     ----------------------------------------------------------------------------------------

========================================================================================
========================================================================================
(15-May 12:31:17)     Running Tests: device_partition/test_device_partition
========================================================================================
========================================================================================
     ----------------------------------------------------------------------------------------
     (15-May 12:31:17)     Running Sub Test: Device Partitioning
     ----------------------------------------------------------------------------------------
      Initializing random seed to 0.
     Requesting Default device based on environment variable for platform index 0 and device index 0
     ERROR: clGetPlatformIDs failed! ((unknown) from 2.0/test_conformance/allocations/../../test_common/harness/testHarness.c:259)
     ----------------------------------------------------------------------------------------
  *******************************************************************************************
  *  (15-May 12:31:19)     Test Device Partitioning ==> FAILED: 255
  *******************************************************************************************
     ----------------------------------------------------------------------------------------

========================================================================================
========================================================================================
(15-May 12:31:19)     Running Tests: buffers/test_buffers buffer_read_int buffer_write_int buffer_map_read_int buffer_map_write_int sub_buffers*
========================================================================================
========================================================================================
     ----------------------------------------------------------------------------------------
     (15-May 12:31:19)     Running Sub Test: Buffers
     ----------------------------------------------------------------------------------------
      Initializing random seed to 0.
     Requesting Default device based on environment variable for platform index 0 and device index 0
     ERROR: clGetPlatformIDs failed! ((unknown) from 2.0/test_conformance/allocations/../../test_common/harness/testHarness.c:259)
     ----------------------------------------------------------------------------------------
  *******************************************************************************************
  *  (15-May 12:31:21)     Test Buffers ==> FAILED: 255
  *******************************************************************************************
     ----------------------------------------------------------------------------------------

========================================================================================
========================================================================================
(15-May 12:31:21)     Running Tests: mem_host_flags/test_mem_host_flags
========================================================================================
========================================================================================
     ----------------------------------------------------------------------------------------
     (15-May 12:31:21)     Running Sub Test: Mem (Host Flags)
     ----------------------------------------------------------------------------------------
     1st part, non gl-sharing objects...
      Initializing random seed to 0.
     Requesting Default device based on environment variable for platform index 0 and device index 0
     ERROR: clGetPlatformIDs failed! ((unknown) from 2.0/test_conformance/allocations/../../test_common/harness/testHarness.c:259)
     ----------------------------------------------------------------------------------------
  *******************************************************************************************
  *  (15-May 12:31:23)     Test Mem (Host Flags) ==> FAILED: 255
  *******************************************************************************************
     ----------------------------------------------------------------------------------------

========================================================================================
========================================================================================
(15-May 12:31:23)     Running Tests: headers/test_headers
========================================================================================
========================================================================================
     ----------------------------------------------------------------------------------------
     (15-May 12:31:23)     Running Sub Test: Headers (cl_typen)
     ----------------------------------------------------------------------------------------
     
     Checking operations on cl_types.
     Numbers, where presented, should walk upward from 0, with step of 1:
     
     Verifying assignment:
     b:   0
     b2:  0 1 
     b4:  0 1 2 3
     b8:  0 1 2 3 4 5 6 7
     b16: 0 1 2 3 4 5 6 7 8 9 10 11 12 13 14 15
     
     Verifying vector access:
     __cl_char2 SIMD vectors not supported on this architecture.
     __cl_char4 SIMD vectors not supported on this architecture.
     __cl_char8:  0 1 2 3 4 5 6 7 
     __cl_char16: 0 1 2 3 4 5 6 7 8 9 10 11 12 13 14 15 
     
     
     Verifying assignment:
     b:   0
     b2:  0 1 
     b4:  0 1 2 3
     b8:  0 1 2 3 4 5 6 7
     b16: 0 1 2 3 4 5 6 7 8 9 10 11 12 13 14 15
     
     Verifying vector access:
     __cl_uchar2 SIMD vectors not supported on this architecture.
     __cl_uchar4 SIMD vectors not supported on this architecture.
     __cl_uchar8:  0 1 2 3 4 5 6 7 
     __cl_uchar16: 0 1 2 3 4 5 6 7 8 9 10 11 12 13 14 15 
     
     
     Verifying assignment:
     b:   0
     b2:  0 1 
     b4:  0 1 2 3
     b8:  0 1 2 3 4 5 6 7
     b16: 0 1 2 3 4 5 6 7 8 9 10 11 12 13 14 15
     
     Verifying vector access:
     __cl_short2 SIMD vectors not supported on this architecture.
     __cl_short4:  0 1 2 3 
     __cl_short8:  0 1 2 3 4 5 6 7 
     __cl_short16 SIMD vectors not supported on this architecture.
     
     
     Verifying assignment:
     b:   0
     b2:  0 1 
     b4:  0 1 2 3
     b8:  0 1 2 3 4 5 6 7
     b16: 0 1 2 3 4 5 6 7 8 9 10 11 12 13 14 15
     
     Verifying vector access:
     __cl_ushort2 SIMD vectors not supported on this architecture.
     __cl_ushort4:  0 1 2 3 
     __cl_ushort8:  0 1 2 3 4 5 6 7 
     __cl_ushort16 SIMD vectors not supported on this architecture.
     
     
     Verifying assignment:
     b:   0
     b2:  0 1 
     b4:  0 1 2 3
     b8:  0 1 2 3 4 5 6 7
     b16: 0 1 2 3 4 5 6 7 8 9 10 11 12 13 14 15
     
     Verifying vector access:
     __cl_int2:  0 1 
     __cl_int4:  0 1 2 3 
     __cl_int8 SIMD vectors not supported on this architecture.
     __cl_int16 SIMD vectors not supported on this architecture.
     
     
     Verifying assignment:
     b:   0
     b2:  0 1 
     b4:  0 1 2 3
     b8:  0 1 2 3 4 5 6 7
     b16: 0 1 2 3 4 5 6 7 8 9 10 11 12 13 14 15
     
     Verifying vector access:
     __cl_uint2:  0 1 
     __cl_uint4:  0 1 2 3 
     __cl_uint8 SIMD vectors not supported on this architecture.
     __cl_uint16 SIMD vectors not supported on this architecture.
     
     
     Verifying assignment:
     b:   0
     b2:  0 1 
     b4:  0 1 2 3
     b8:  0 1 2 3 4 5 6 7
     b16: 0 1 2 3 4 5 6 7 8 9 10 11 12 13 14 15
     
     Verifying vector access:
     __cl_long2:  0 1 
     __cl_long4 SIMD vectors not supported on this architecture.
     __cl_long8 SIMD vectors not supported on this architecture.
     __cl_long16 SIMD vectors not supported on this architecture.
     
     
     Verifying assignment:
     b:   0
     b2:  0 1 
     b4:  0 1 2 3
     b8:  0 1 2 3 4 5 6 7
     b16: 0 1 2 3 4 5 6 7 8 9 10 11 12 13 14 15
     
     Verifying vector access:
     __cl_ulong2:  0 1 
     __cl_ulong4 SIMD vectors not supported on this architecture.
     __cl_ulong8 SIMD vectors not supported on this architecture.
     __cl_ulong16 SIMD vectors not supported on this architecture.
     
     
     Verifying assignment:
     b:   0.000000
     b2:  0.000000 1.000000 
     b4:  0.000000 1.000000 2.000000 3.000000
     b8:  0.000000 1.000000 2.000000 3.000000 4.000000 5.000000 6.000000 7.000000
     b16: 0.000000 1.000000 2.000000 3.000000 4.000000 5.000000 6.000000 7.000000 8.000000 9.000000 10.000000 11.000000 12.000000 13.000000 14.000000 15.000000
     
     Verifying vector access:
     __cl_float2:  0.000000 1.000000 
     __cl_float4:  0.000000 1.000000 2.000000 3.000000 
     __cl_float8 SIMD vectors not supported on this architecture.
     __cl_float16 SIMD vectors not supported on this architecture.
     
     
     Verifying assignment:
     b:   0.000000
     b2:  0.000000 1.000000 
     b4:  0.000000 1.000000 2.000000 3.000000
     b8:  0.000000 1.000000 2.000000 3.000000 4.000000 5.000000 6.000000 7.000000
     b16: 0.000000 1.000000 2.000000 3.000000 4.000000 5.000000 6.000000 7.000000 8.000000 9.000000 10.000000 11.000000 12.000000 13.000000 14.000000 15.000000
     
     Verifying vector access:
     __cl_double2:  0.000000 1.000000 
     __cl_double4 SIMD vectors not supported on this architecture.
     __cl_double8 SIMD vectors not supported on this architecture.
     __cl_double16 SIMD vectors not supported on this architecture.
     
     PASSED test.
     ----------------------------------------------------------------------------------------
     (15-May 12:31:25)     Test Headers (cl_typen) passed in 2.22258806229s
     ----------------------------------------------------------------------------------------

========================================================================================
========================================================================================
(15-May 12:31:25)     Running Tests: headers/test_cl_h
========================================================================================
========================================================================================
     ----------------------------------------------------------------------------------------
     (15-May 12:31:25)     Running Sub Test: Headers (cl.h standalone)
     ----------------------------------------------------------------------------------------
     cl.h standalone test PASSED.
     ----------------------------------------------------------------------------------------
     (15-May 12:31:27)     Test Headers (cl.h standalone) passed in 2.01469516754s
     ----------------------------------------------------------------------------------------

========================================================================================
========================================================================================
(15-May 12:31:27)     Running Tests: headers/test_cl_platform_h
========================================================================================
========================================================================================
     ----------------------------------------------------------------------------------------
     (15-May 12:31:27)     Running Sub Test: Headers (cl_platform.h standalone)
     ----------------------------------------------------------------------------------------
     cl_platform.h standalone test PASSED.
     ----------------------------------------------------------------------------------------
     (15-May 12:31:29)     Test Headers (cl_platform.h standalone) passed in 2.01514005661s
     ----------------------------------------------------------------------------------------

========================================================================================
========================================================================================
(15-May 12:31:29)     Running Tests: headers/test_cl_gl_h
========================================================================================
========================================================================================
     ----------------------------------------------------------------------------------------
     (15-May 12:31:29)     Running Sub Test: Headers (cl_gl.h standalone)
     ----------------------------------------------------------------------------------------
     cl_gl.h standalone test PASSED.
     ----------------------------------------------------------------------------------------
     (15-May 12:31:31)     Test Headers (cl_gl.h standalone) passed in 2.01437783241s
     ----------------------------------------------------------------------------------------

========================================================================================
========================================================================================
(15-May 12:31:31)     Running Tests: headers/test_opencl_h
========================================================================================
========================================================================================
     ----------------------------------------------------------------------------------------
     (15-May 12:31:31)     Running Sub Test: Headers (opencl.h standalone)
     ----------------------------------------------------------------------------------------
     opencl.h standalone test PASSED.
     ----------------------------------------------------------------------------------------
     (15-May 12:31:33)     Test Headers (opencl.h standalone) passed in 2.01405310631s
     ----------------------------------------------------------------------------------------

========================================================================================
========================================================================================
(15-May 12:31:33)     Running Tests: gl/test_gl
========================================================================================
========================================================================================
     ----------------------------------------------------------------------------------------
     (15-May 12:31:33)     Running Sub Test: OpenCL-GL Sharing
     ----------------------------------------------------------------------------------------
     Requesting Default device based on environment variable
     ERROR: clGetPlatformIDs failed! ((unknown) from 2.0/test_conformance/gl/../../test_common/gl/setup_x11.cpp:84)
     Unable to setup the test or failed to determine if CL-GL interop is supported.
     ----------------------------------------------------------------------------------------
  *******************************************************************************************
  *  (15-May 12:31:35)     Test OpenCL-GL Sharing ==> FAILED: 255
  *******************************************************************************************
     ----------------------------------------------------------------------------------------

========================================================================================
========================================================================================
(15-May 12:31:35)     Running Tests: select/test_select -w
========================================================================================
========================================================================================
     ----------------------------------------------------------------------------------------
     (15-May 12:31:35)     Running Sub Test: Select
     ----------------------------------------------------------------------------------------
     clGetPlatformIDs failed failed errcode:-1001
     ----------------------------------------------------------------------------------------
  *******************************************************************************************
  *  (15-May 12:31:37)     Test Select ==> FAILED: 255
  *******************************************************************************************
     ----------------------------------------------------------------------------------------

========================================================================================
========================================================================================
(15-May 12:31:37)     Running Tests: conversions/test_conversions -w1
========================================================================================
========================================================================================
     ----------------------------------------------------------------------------------------
     (15-May 12:31:37)     Running Sub Test: Conversions
     ----------------------------------------------------------------------------------------
     CL_DEVICE_TYPE: CL_DEVICE_TYPE_DEFAULT
     
     test_conversions	-w1
     Test binary built May 23 2019 10:37:28
     sizeof( void*) = 8
     ARCH:	x86_64
     this machine is running Linux
     
     *** WARNING: Testing in Wimpy mode!                     ***
     *** Wimpy mode is not sufficient to verify correctness. ***
     *** It gives warm fuzzy feelings and then nevers calls. ***
     
     clGetPlatformIDs failed: -1001
     ----------------------------------------------------------------------------------------
  *******************************************************************************************
  *  (15-May 12:31:39)     Test Conversions ==> FAILED: 23
  *******************************************************************************************
     ----------------------------------------------------------------------------------------

========================================================================================
========================================================================================
(15-May 12:31:39)     Running Tests: contractions/contractions
========================================================================================
========================================================================================
     ----------------------------------------------------------------------------------------
     (15-May 12:31:39)     Running Sub Test: Contractions
     ----------------------------------------------------------------------------------------
     
     contractions	
     
     Test binary built May 23 2019 10:37:28
     
     Host info:
     	sizeof( void*) = 8
     	ARCH:	x86_64
     this machine is running Linux
     ----------------------------------------------------------------------------------------
  *******************************************************************************************
  *  (15-May 12:31:41)     Test Contractions ==> FAILED: 23
  *******************************************************************************************
     ----------------------------------------------------------------------------------------

========================================================================================
========================================================================================
(15-May 12:31:41)     Running Tests: math_brute_force/bruteforce -w1
========================================================================================
========================================================================================
     ----------------------------------------------------------------------------------------
     (15-May 12:31:41)     Running Sub Test: Math
     ----------------------------------------------------------------------------------------
     
     /home/taccuser/conformance_latest/conformance_latest/math_brute_force/bruteforce		-w1
     Test binary built May 23 2019 10:36:33
     
     Host info:
     	sizeof( void*) = 8
     	ARCH:	x86_64
     this machine is running Linux
     
     *** WARNING: Testing in Wimpy mode!                     ***
     *** Wimpy mode is not sufficient to verify correctness. ***
     *** Wimpy Reduction Factor: 32                          ***
     
     clGetPlatformIDs failed: -1001
     ----------------------------------------------------------------------------------------
  *******************************************************************************************
  *  (15-May 12:31:43)     Test Math ==> FAILED: 23
  *******************************************************************************************
     ----------------------------------------------------------------------------------------

========================================================================================
========================================================================================
(15-May 12:31:43)     Running Tests: integer_ops/test_integer_ops quick_char* quick_short_* quick_int* quick_long*
========================================================================================
========================================================================================
     ----------------------------------------------------------------------------------------
     (15-May 12:31:43)     Running Sub Test: Integer Ops
     ----------------------------------------------------------------------------------------
      Initializing random seed to 0.
     Requesting Default device based on environment variable for platform index 0 and device index 0
     ERROR: clGetPlatformIDs failed! ((unknown) from 2.0/test_conformance/allocations/../../test_common/harness/testHarness.c:259)
     ----------------------------------------------------------------------------------------
  *******************************************************************************************
  *  (15-May 12:31:45)     Test Integer Ops ==> FAILED: 255
  *******************************************************************************************
     ----------------------------------------------------------------------------------------

========================================================================================
========================================================================================
(15-May 12:31:45)     Running Tests: half/Test_half -w
========================================================================================
========================================================================================
     ----------------------------------------------------------------------------------------
     (15-May 12:31:45)     Running Sub Test: Half Ops
     ----------------------------------------------------------------------------------------
     
     Test_half	-wTest binary built May 23 2019 10:37:34
     sizeof( void*) = 8
     DEVICE:	unknown
     
     *** WARNING: Testing in Wimpy mode!                     ***
     *** Wimpy mode is not sufficient to verify correctness. ***
     *** It gives warm fuzzy feelings and then nevers calls. ***
     
     PASSED test.
     ----------------------------------------------------------------------------------------
  *******************************************************************************************
  *  (15-May 12:31:47)     Test Half Ops ==> FAILED: 23
  *******************************************************************************************
     ----------------------------------------------------------------------------------------

========================================================================================
========================================================================================
(15-May 12:31:47)     Running Tests: compatibility/test_conformance/basic/test_basic
========================================================================================
========================================================================================
     ----------------------------------------------------------------------------------------
     (15-May 12:31:47)     Running Sub Test: Basic 1.2
     ----------------------------------------------------------------------------------------
     *** Compatibility with Previous Versions test ***
      Initializing random seed to 0.
     Requesting Default device based on environment variable for platform index 0 and device index 0
     ERROR: clGetPlatformIDs failed! ((unknown) from 2.0/test_conformance/compatibility/test_conformance/api/../../test_common/harness/testHarness.c:265)
     ----------------------------------------------------------------------------------------
  *******************************************************************************************
  *  (15-May 12:31:49)     Test Basic 1.2 ==> FAILED: 255
  *******************************************************************************************
     ----------------------------------------------------------------------------------------

========================================================================================
========================================================================================
(15-May 12:31:49)     Running Tests: compatibility/test_conformance/api/test_api
========================================================================================
========================================================================================
     ----------------------------------------------------------------------------------------
     (15-May 12:31:49)     Running Sub Test: API 1.2
     ----------------------------------------------------------------------------------------
     *** Compatibility with Previous Versions test ***
      Initializing random seed to 0.
     Requesting Default device based on environment variable for platform index 0 and device index 0
     ERROR: clGetPlatformIDs failed! ((unknown) from 2.0/test_conformance/compatibility/test_conformance/api/../../test_common/harness/testHarness.c:265)
     ----------------------------------------------------------------------------------------
  *******************************************************************************************
  *  (15-May 12:31:51)     Test API 1.2 ==> FAILED: 255
  *******************************************************************************************
     ----------------------------------------------------------------------------------------

========================================================================================
========================================================================================
(15-May 12:31:51)     Running Tests: c11_atomics/test_c11_atomics atomic_init
========================================================================================
========================================================================================
     ----------------------------------------------------------------------------------------
     (15-May 12:31:51)     Running Sub Test: C11 Atomics (atomic_init)
     ----------------------------------------------------------------------------------------
      Initializing random seed to 0.
     Requesting Default device based on environment variable for platform index 0 and device index 0
     ERROR: clGetPlatformIDs failed! ((unknown) from 2.0/test_conformance/allocations/../../test_common/harness/testHarness.c:259)
     ----------------------------------------------------------------------------------------
  *******************************************************************************************
  *  (15-May 12:31:53)     Test C11 Atomics (atomic_init) ==> FAILED: 255
  *******************************************************************************************
     ----------------------------------------------------------------------------------------

========================================================================================
========================================================================================
(15-May 12:31:53)     Running Tests: c11_atomics/test_c11_atomics atomic_store
========================================================================================
========================================================================================
     ----------------------------------------------------------------------------------------
     (15-May 12:31:53)     Running Sub Test: C11 Atomics (atomic_store)
     ----------------------------------------------------------------------------------------
      Initializing random seed to 0.
     Requesting Default device based on environment variable for platform index 0 and device index 0
     ERROR: clGetPlatformIDs failed! ((unknown) from 2.0/test_conformance/allocations/../../test_common/harness/testHarness.c:259)
     ----------------------------------------------------------------------------------------
  *******************************************************************************************
  *  (15-May 12:31:55)     Test C11 Atomics (atomic_store) ==> FAILED: 255
  *******************************************************************************************
     ----------------------------------------------------------------------------------------

========================================================================================
========================================================================================
(15-May 12:31:55)     Running Tests: c11_atomics/test_c11_atomics atomic_load
========================================================================================
========================================================================================
     ----------------------------------------------------------------------------------------
     (15-May 12:31:55)     Running Sub Test: C11 Atomics (atomic_load)
     ----------------------------------------------------------------------------------------
      Initializing random seed to 0.
     Requesting Default device based on environment variable for platform index 0 and device index 0
     ERROR: clGetPlatformIDs failed! ((unknown) from 2.0/test_conformance/allocations/../../test_common/harness/testHarness.c:259)
     ----------------------------------------------------------------------------------------
  *******************************************************************************************
  *  (15-May 12:31:57)     Test C11 Atomics (atomic_load) ==> FAILED: 255
  *******************************************************************************************
     ----------------------------------------------------------------------------------------

========================================================================================
========================================================================================
(15-May 12:31:57)     Running Tests: c11_atomics/test_c11_atomics atomic_exchange
========================================================================================
========================================================================================
     ----------------------------------------------------------------------------------------
     (15-May 12:31:57)     Running Sub Test: C11 Atomics (atomic_exchange)
     ----------------------------------------------------------------------------------------
      Initializing random seed to 0.
     Requesting Default device based on environment variable for platform index 0 and device index 0
     ERROR: clGetPlatformIDs failed! ((unknown) from 2.0/test_conformance/allocations/../../test_common/harness/testHarness.c:259)
     ----------------------------------------------------------------------------------------
  *******************************************************************************************
  *  (15-May 12:31:59)     Test C11 Atomics (atomic_exchange) ==> FAILED: 255
  *******************************************************************************************
     ----------------------------------------------------------------------------------------

========================================================================================
========================================================================================
(15-May 12:31:59)     Running Tests: c11_atomics/test_c11_atomics atomic_compare_exchange_weak
========================================================================================
========================================================================================
     ----------------------------------------------------------------------------------------
     (15-May 12:31:59)     Running Sub Test: C11 Atomics (atomic_compare_exchange_weak)
     ----------------------------------------------------------------------------------------
      Initializing random seed to 0.
     Requesting Default device based on environment variable for platform index 0 and device index 0
     ERROR: clGetPlatformIDs failed! ((unknown) from 2.0/test_conformance/allocations/../../test_common/harness/testHarness.c:259)
     ----------------------------------------------------------------------------------------
  *******************************************************************************************
  *  (15-May 12:32:01)     Test C11 Atomics (atomic_compare_exchange_weak) ==> FAILED: 255
  *******************************************************************************************
     ----------------------------------------------------------------------------------------

========================================================================================
========================================================================================
(15-May 12:32:01)     Running Tests: c11_atomics/test_c11_atomics atomic_compare_exchange_strong
========================================================================================
========================================================================================
     ----------------------------------------------------------------------------------------
     (15-May 12:32:01)     Running Sub Test: C11 Atomics (atomic_compare_exchange_strong)
     ----------------------------------------------------------------------------------------
      Initializing random seed to 0.
     Requesting Default device based on environment variable for platform index 0 and device index 0
     ERROR: clGetPlatformIDs failed! ((unknown) from 2.0/test_conformance/allocations/../../test_common/harness/testHarness.c:259)
     ----------------------------------------------------------------------------------------
  *******************************************************************************************
  *  (15-May 12:32:03)     Test C11 Atomics (atomic_compare_exchange_strong) ==> FAILED: 255
  *******************************************************************************************
     ----------------------------------------------------------------------------------------

========================================================================================
========================================================================================
(15-May 12:32:03)     Running Tests: c11_atomics/test_c11_atomics atomic_fetch_add
========================================================================================
========================================================================================
     ----------------------------------------------------------------------------------------
     (15-May 12:32:03)     Running Sub Test: C11 Atomics (atomic_fetch_add)
     ----------------------------------------------------------------------------------------
      Initializing random seed to 0.
     Requesting Default device based on environment variable for platform index 0 and device index 0
     ERROR: clGetPlatformIDs failed! ((unknown) from 2.0/test_conformance/allocations/../../test_common/harness/testHarness.c:259)
     ----------------------------------------------------------------------------------------
  *******************************************************************************************
  *  (15-May 12:32:05)     Test C11 Atomics (atomic_fetch_add) ==> FAILED: 255
  *******************************************************************************************
     ----------------------------------------------------------------------------------------

========================================================================================
========================================================================================
(15-May 12:32:05)     Running Tests: c11_atomics/test_c11_atomics atomic_fetch_sub
========================================================================================
========================================================================================
     ----------------------------------------------------------------------------------------
     (15-May 12:32:05)     Running Sub Test: C11 Atomics (atomic_fetch_sub)
     ----------------------------------------------------------------------------------------
      Initializing random seed to 0.
     Requesting Default device based on environment variable for platform index 0 and device index 0
     ERROR: clGetPlatformIDs failed! ((unknown) from 2.0/test_conformance/allocations/../../test_common/harness/testHarness.c:259)
     ----------------------------------------------------------------------------------------
  *******************************************************************************************
  *  (15-May 12:32:07)     Test C11 Atomics (atomic_fetch_sub) ==> FAILED: 255
  *******************************************************************************************
     ----------------------------------------------------------------------------------------

========================================================================================
========================================================================================
(15-May 12:32:07)     Running Tests: c11_atomics/test_c11_atomics atomic_fetch_and
========================================================================================
========================================================================================
     ----------------------------------------------------------------------------------------
     (15-May 12:32:07)     Running Sub Test: C11 Atomics (atomic_fetch_and)
     ----------------------------------------------------------------------------------------
      Initializing random seed to 0.
     Requesting Default device based on environment variable for platform index 0 and device index 0
     ERROR: clGetPlatformIDs failed! ((unknown) from 2.0/test_conformance/allocations/../../test_common/harness/testHarness.c:259)
     ----------------------------------------------------------------------------------------
  *******************************************************************************************
  *  (15-May 12:32:09)     Test C11 Atomics (atomic_fetch_and) ==> FAILED: 255
  *******************************************************************************************
     ----------------------------------------------------------------------------------------

========================================================================================
========================================================================================
(15-May 12:32:09)     Running Tests: c11_atomics/test_c11_atomics atomic_fetch_or
========================================================================================
========================================================================================
     ----------------------------------------------------------------------------------------
     (15-May 12:32:09)     Running Sub Test: C11 Atomics (atomic_fetch_or)
     ----------------------------------------------------------------------------------------
      Initializing random seed to 0.
     Requesting Default device based on environment variable for platform index 0 and device index 0
     ERROR: clGetPlatformIDs failed! ((unknown) from 2.0/test_conformance/allocations/../../test_common/harness/testHarness.c:259)
     ----------------------------------------------------------------------------------------
  *******************************************************************************************
  *  (15-May 12:32:11)     Test C11 Atomics (atomic_fetch_or) ==> FAILED: 255
  *******************************************************************************************
     ----------------------------------------------------------------------------------------

========================================================================================
========================================================================================
(15-May 12:32:11)     Running Tests: c11_atomics/test_c11_atomics atomic_fetch_orand
========================================================================================
========================================================================================
     ----------------------------------------------------------------------------------------
     (15-May 12:32:11)     Running Sub Test: C11 Atomics (atomic_fetch_orand)
     ----------------------------------------------------------------------------------------
      Initializing random seed to 0.
     Requesting Default device based on environment variable for platform index 0 and device index 0
     ERROR: clGetPlatformIDs failed! ((unknown) from 2.0/test_conformance/allocations/../../test_common/harness/testHarness.c:259)
     ----------------------------------------------------------------------------------------
  *******************************************************************************************
  *  (15-May 12:32:13)     Test C11 Atomics (atomic_fetch_orand) ==> FAILED: 255
  *******************************************************************************************
     ----------------------------------------------------------------------------------------

========================================================================================
========================================================================================
(15-May 12:32:13)     Running Tests: c11_atomics/test_c11_atomics atomic_fetch_xor
========================================================================================
========================================================================================
     ----------------------------------------------------------------------------------------
     (15-May 12:32:13)     Running Sub Test: C11 Atomics (atomic_fetch_xor)
     ----------------------------------------------------------------------------------------
      Initializing random seed to 0.
     Requesting Default device based on environment variable for platform index 0 and device index 0
     ERROR: clGetPlatformIDs failed! ((unknown) from 2.0/test_conformance/allocations/../../test_common/harness/testHarness.c:259)
     ----------------------------------------------------------------------------------------
  *******************************************************************************************
  *  (15-May 12:32:15)     Test C11 Atomics (atomic_fetch_xor) ==> FAILED: 255
  *******************************************************************************************
     ----------------------------------------------------------------------------------------

========================================================================================
========================================================================================
(15-May 12:32:15)     Running Tests: c11_atomics/test_c11_atomics atomic_fetch_xor2
========================================================================================
========================================================================================
     ----------------------------------------------------------------------------------------
     (15-May 12:32:15)     Running Sub Test: C11 Atomics (atomic_fetch_xor2)
     ----------------------------------------------------------------------------------------
      Initializing random seed to 0.
     Requesting Default device based on environment variable for platform index 0 and device index 0
     ERROR: clGetPlatformIDs failed! ((unknown) from 2.0/test_conformance/allocations/../../test_common/harness/testHarness.c:259)
     ----------------------------------------------------------------------------------------
  *******************************************************************************************
  *  (15-May 12:32:17)     Test C11 Atomics (atomic_fetch_xor2) ==> FAILED: 255
  *******************************************************************************************
     ----------------------------------------------------------------------------------------

========================================================================================
========================================================================================
(15-May 12:32:17)     Running Tests: c11_atomics/test_c11_atomics atomic_fetch_min
========================================================================================
========================================================================================
     ----------------------------------------------------------------------------------------
     (15-May 12:32:17)     Running Sub Test: C11 Atomics (atomic_fetch_min)
     ----------------------------------------------------------------------------------------
      Initializing random seed to 0.
     Requesting Default device based on environment variable for platform index 0 and device index 0
     ERROR: clGetPlatformIDs failed! ((unknown) from 2.0/test_conformance/allocations/../../test_common/harness/testHarness.c:259)
     ----------------------------------------------------------------------------------------
  *******************************************************************************************
  *  (15-May 12:32:19)     Test C11 Atomics (atomic_fetch_min) ==> FAILED: 255
  *******************************************************************************************
     ----------------------------------------------------------------------------------------

========================================================================================
========================================================================================
(15-May 12:32:19)     Running Tests: c11_atomics/test_c11_atomics atomic_fetch_max
========================================================================================
========================================================================================
     ----------------------------------------------------------------------------------------
     (15-May 12:32:19)     Running Sub Test: C11 Atomics (atomic_fetch_max)
     ----------------------------------------------------------------------------------------
      Initializing random seed to 0.
     Requesting Default device based on environment variable for platform index 0 and device index 0
     ERROR: clGetPlatformIDs failed! ((unknown) from 2.0/test_conformance/allocations/../../test_common/harness/testHarness.c:259)
     ----------------------------------------------------------------------------------------
  *******************************************************************************************
  *  (15-May 12:32:22)     Test C11 Atomics (atomic_fetch_max) ==> FAILED: 255
  *******************************************************************************************
     ----------------------------------------------------------------------------------------

========================================================================================
========================================================================================
(15-May 12:32:22)     Running Tests: c11_atomics/test_c11_atomics atomic_fence
========================================================================================
========================================================================================
     ----------------------------------------------------------------------------------------
     (15-May 12:32:22)     Running Sub Test: C11 Atomics (atomic_fence)
     ----------------------------------------------------------------------------------------
      Initializing random seed to 0.
     Requesting Default device based on environment variable for platform index 0 and device index 0
     ERROR: clGetPlatformIDs failed! ((unknown) from 2.0/test_conformance/allocations/../../test_common/harness/testHarness.c:259)
     ----------------------------------------------------------------------------------------
  *******************************************************************************************
  *  (15-May 12:32:24)     Test C11 Atomics (atomic_fence) ==> FAILED: 255
  *******************************************************************************************
     ----------------------------------------------------------------------------------------

========================================================================================
========================================================================================
(15-May 12:32:24)     Running Tests: c11_atomics/test_c11_atomics svm_atomic*
========================================================================================
========================================================================================
     ----------------------------------------------------------------------------------------
     (15-May 12:32:24)     Running Sub Test: C11 Atomics (svm)
     ----------------------------------------------------------------------------------------
      Initializing random seed to 0.
     Requesting Default device based on environment variable for platform index 0 and device index 0
     ERROR: clGetPlatformIDs failed! ((unknown) from 2.0/test_conformance/allocations/../../test_common/harness/testHarness.c:259)
     ----------------------------------------------------------------------------------------
  *******************************************************************************************
  *  (15-May 12:32:26)     Test C11 Atomics (svm) ==> FAILED: 255
  *******************************************************************************************
     ----------------------------------------------------------------------------------------

========================================================================================
========================================================================================
(15-May 12:32:26)     Running Tests: device_execution/test_device_execution
========================================================================================
========================================================================================
     ----------------------------------------------------------------------------------------
     (15-May 12:32:26)     Running Sub Test: Execution Model
     ----------------------------------------------------------------------------------------
      Initializing random seed to 0.
     Requesting Default device based on environment variable for platform index 0 and device index 0
     ERROR: clGetPlatformIDs failed! ((unknown) from 2.0/test_conformance/allocations/../../test_common/harness/testHarness.c:259)
     ----------------------------------------------------------------------------------------
  *******************************************************************************************
  *  (15-May 12:32:28)     Test Execution Model ==> FAILED: 255
  *******************************************************************************************
     ----------------------------------------------------------------------------------------

========================================================================================
========================================================================================
(15-May 12:32:28)     Running Tests: generic_address_space/test_generic_address_space
========================================================================================
========================================================================================
     ----------------------------------------------------------------------------------------
     (15-May 12:32:28)     Running Sub Test: Generic Address Space
     ----------------------------------------------------------------------------------------
      Initializing random seed to 0.
     Requesting Default device based on environment variable for platform index 0 and device index 0
     ERROR: clGetPlatformIDs failed! ((unknown) from 2.0/test_conformance/allocations/../../test_common/harness/testHarness.c:259)
     ----------------------------------------------------------------------------------------
  *******************************************************************************************
  *  (15-May 12:32:30)     Test Generic Address Space ==> FAILED: 255
  *******************************************************************************************
     ----------------------------------------------------------------------------------------

========================================================================================
========================================================================================
(15-May 12:32:30)     Running Tests: non_uniform_work_group/test_non_uniform_work_group
========================================================================================
========================================================================================
     ----------------------------------------------------------------------------------------
     (15-May 12:32:30)     Running Sub Test: Non Uniform Work Groups
     ----------------------------------------------------------------------------------------
      Initializing random seed to 0.
     Requesting Default device based on environment variable for platform index 0 and device index 0
     ERROR: clGetPlatformIDs failed! ((unknown) from 2.0/test_conformance/allocations/../../test_common/harness/testHarness.c:259)
     ----------------------------------------------------------------------------------------
  *******************************************************************************************
  *  (15-May 12:32:37)     Test Non Uniform Work Groups ==> FAILED: 255
  *******************************************************************************************
     ----------------------------------------------------------------------------------------

========================================================================================
========================================================================================
(15-May 12:32:37)     Running Tests: pipes/test_pipes
========================================================================================
========================================================================================
     ----------------------------------------------------------------------------------------
     (15-May 12:32:37)     Running Sub Test: Pipes
     ----------------------------------------------------------------------------------------
      Initializing random seed to 0.
     Requesting Default device based on environment variable for platform index 0 and device index 0
     ERROR: clGetPlatformIDs failed! ((unknown) from 2.0/test_conformance/allocations/../../test_common/harness/testHarness.c:259)
     ----------------------------------------------------------------------------------------
  *******************************************************************************************
  *  (15-May 12:32:39)     Test Pipes ==> FAILED: 255
  *******************************************************************************************
     ----------------------------------------------------------------------------------------

========================================================================================
========================================================================================
(15-May 12:32:39)     Running Tests: SVM/test_SVM
========================================================================================
========================================================================================
     ----------------------------------------------------------------------------------------
     (15-May 12:32:39)     Running Sub Test: SVM
     ----------------------------------------------------------------------------------------
      Initializing random seed to 0.
     Requesting Default device based on environment variable for platform index 0 and device index 0
     ERROR: clGetPlatformIDs failed! ((unknown) from 2.0/test_conformance/allocations/../../test_common/harness/testHarness.c:259)
     ----------------------------------------------------------------------------------------
  *******************************************************************************************
  *  (15-May 12:32:41)     Test SVM ==> FAILED: 255
  *******************************************************************************************
     ----------------------------------------------------------------------------------------

========================================================================================
========================================================================================
(15-May 12:32:41)     Running Tests: workgroups/test_workgroups
========================================================================================
========================================================================================
     ----------------------------------------------------------------------------------------
     (15-May 12:32:41)     Running Sub Test: Workgroups
     ----------------------------------------------------------------------------------------
      Initializing random seed to 0.
     Requesting Default device based on environment variable for platform index 0 and device index 0
     ERROR: clGetPlatformIDs failed! ((unknown) from 2.0/test_conformance/allocations/../../test_common/harness/testHarness.c:259)
     ----------------------------------------------------------------------------------------
  *******************************************************************************************
  *  (15-May 12:32:43)     Test Workgroups ==> FAILED: 255
  *******************************************************************************************
     ----------------------------------------------------------------------------------------

========================================================================================
========================================================================================
(15-May 12:32:43)     Running Tests: images/kernel_read_write/test_image_streams test_mipmaps CL_FILTER_NEAREST
========================================================================================
========================================================================================
     ----------------------------------------------------------------------------------------
     (15-May 12:32:43)     Running Sub Test: Mipmaps (Kernel)
     ----------------------------------------------------------------------------------------
     Requesting Default device based on environment variable
     ERROR: Unable to get platform! ((unknown) from 2.0/test_conformance/images/kernel_read_write/main.cpp:342)
     ----------------------------------------------------------------------------------------
  *******************************************************************************************
  *  (15-May 12:32:45)     Test Mipmaps (Kernel) ==> FAILED: 255
  *******************************************************************************************
     ----------------------------------------------------------------------------------------

========================================================================================
========================================================================================
(15-May 12:32:45)     Running Tests: images/clCopyImage/test_cl_copy_images test_mipmaps
========================================================================================
========================================================================================
     ----------------------------------------------------------------------------------------
     (15-May 12:32:45)     Running Sub Test: Mipmaps (clCopyImage)
     ----------------------------------------------------------------------------------------
     Requesting Default device based on environment variable
     ERROR: Unable to get platform! ((unknown) from 2.0/test_conformance/images/clCopyImage/main.cpp:171)
     ----------------------------------------------------------------------------------------
  *******************************************************************************************
  *  (15-May 12:32:47)     Test Mipmaps (clCopyImage) ==> FAILED: 255
  *******************************************************************************************
     ----------------------------------------------------------------------------------------

========================================================================================
========================================================================================
(15-May 12:32:47)     Running Tests: images/clReadWriteImage/test_cl_read_write_images test_mipmaps
========================================================================================
========================================================================================
     ----------------------------------------------------------------------------------------
     (15-May 12:32:47)     Running Sub Test: Mipmaps (clReadWriteImage)
     ----------------------------------------------------------------------------------------
     Requesting Default device based on environment variable
     ERROR: Unable to get platform! ((unknown) from 2.0/test_conformance/images/clReadWriteImage/main.cpp:144)
     ----------------------------------------------------------------------------------------
  *******************************************************************************************
  *  (15-May 12:32:49)     Test Mipmaps (clReadWriteImage) ==> FAILED: 255
  *******************************************************************************************
     ----------------------------------------------------------------------------------------

========================================================================================
========================================================================================
(15-May 12:32:49)     Running Tests: subgroups/test_subgroups
========================================================================================
========================================================================================
     ----------------------------------------------------------------------------------------
     (15-May 12:32:49)     Running Sub Test: Subgroups
     ----------------------------------------------------------------------------------------
      Initializing random seed to 0.
     Requesting Default device based on environment variable for platform index 0 and device index 0
     ERROR: clGetPlatformIDs failed! ((unknown) from 2.0/test_conformance/allocations/../../test_common/harness/testHarness.c:259)
     ----------------------------------------------------------------------------------------
  *******************************************************************************************
  *  (15-May 12:32:51)     Test Subgroups ==> FAILED: 255
  *******************************************************************************************
     ----------------------------------------------------------------------------------------

========================================================================================
>> TEST on CL_DEVICE_TYPE_DEFAULT FAILED (54 FAILURES)
========================================================================================
(15-May 12:32:51) Testing complete.  54 failures for 59 tests.
