Testing on: ['CL_DEVICE_TYPE_DEFAULT']
Test execution arguments: ['run_conformance.py', 'opencl_conformance_tests_wimpyfull.csv']
Logging to file opencl_conformance_results_2020-04-28_15-03.log.
Loaded tests from opencl_conformance_tests_wimpyfull.csv, total of 61 tests selected to run:
Compute Info                                       (computeinfo/computeinfo)
Basic                                              (basic/test_basic)
API                                                (api/test_api)
Compiler                                           (compiler/test_compiler)
Common Functions                                   (commonfns/test_commonfns)
Geometric Functions                                (geometrics/test_geometrics)
Relationals                                        (relationals/test_relationals)
Thread Dimensions                                  (thread_dimensions/test_thread_dimensions full*)
Multiple Device/Context                            (multiple_device_context/test_multiples)
Atomics                                            (atomics/test_atomics)
Profiling                                          (profiling/test_profiling)
Events                                             (events/test_events)
Allocations (single maximum)                       (allocations/test_allocations single 5 all)
Allocations (total maximum)                        (allocations/test_allocations multiple 5 all )
VecAlign                                           (vec_align/test_vecalign)
VecStep                                            (vec_step/test_vecstep)
Printf                                             (printf/test_printf)
Device Partition                                   (device_partition/test_device_partition)
Buffers                                            (buffers/test_buffers)
Images (API Info)                                  (images/clGetInfo/test_cl_get_info )
Images (Kernel Methods)                            (images/kernel_image_methods/test_kernel_image_methods )
Images (Kernel)                                    (images/kernel_read_write/test_image_streams CL_FILTER_NEAREST)
Images (Kernel pitch)                              (images/kernel_read_write/test_image_streams use_pitches CL_FILTER_NEAREST)
Images (Kernel max size)                           (images/kernel_read_write/test_image_streams max_images CL_FILTER_NEAREST)
Images (clCopyImage)                               (images/clCopyImage/test_cl_copy_images)
Images (clCopyImage small)                         (images/clCopyImage/test_cl_copy_images small_images)
Images (clCopyImage max size)                      (images/clCopyImage/test_cl_copy_images max_images )
Images (clReadWriteImage)                          (images/clReadWriteImage/test_cl_read_write_images )
Images (clReadWriteImage pitch)                    (images/clReadWriteImage/test_cl_read_write_images use_pitches )
Images (clReadWriteImage max size)                 (images/clReadWriteImage/test_cl_read_write_images max_images )
Images (clFillImage)                               (images/clFillImage/test_cl_fill_images )
Images (clFillImage pitch)                         (images/clFillImage/test_cl_fill_images use_pitches )
Images (clFillImage max size)                      (images/clFillImage/test_cl_fill_images max_images )
Images (Samplerless)                               (images/samplerlessReads/test_samplerless_reads )
Images (Samplerless pitch)                         (images/samplerlessReads/test_samplerless_reads use_pitches )
Images (Samplerless max size)                      (images/samplerlessReads/test_samplerless_reads max_images )
Mem (Host Flags)                                   (mem_host_flags/test_mem_host_flags)
Headers (cl_typen)                                 (headers/test_headers)
Headers (cl.h standalone)                          (headers/test_cl_h)
Headers (cl_platform.h standalone)                 (headers/test_cl_platform_h)
Headers (cl_gl.h standalone)                       (headers/test_cl_gl_h)
OpenCL-GL Sharing                                  (gl/test_gl)
Select                                             (select/test_select)
Conversions                                        (conversions/test_conversions -w)
Contractions                                       (contractions/contractions)
Math                                               (math_brute_force/bruteforce -w)
Integer Ops                                        (integer_ops/test_integer_ops)
Half Ops                                           (half/Test_half -w)
Basic 1.2                                          (compatibility/test_conformance/basic/test_basic)
API 1.2                                            (compatibility/test_conformance/api/test_api)
C11 Atomics                                        (c11_atomics/test_c11_atomics)
Execution Model                                    (device_execution/test_device_execution)
Generic Address Space                              (generic_address_space/test_generic_address_space)
Non Uniform Work Groups                            (non_uniform_work_group/test_non_uniform_work_group)
Pipes                                              (pipes/test_pipes)
SVM                                                (SVM/test_SVM)
Workgroups                                         (workgroups/test_workgroups)
Mipmaps (Kernel)                                   (images/kernel_read_write/test_image_streams test_mipmaps CL_FILTER_NEAREST)
Mipmaps (clCopyImage)                              (images/clCopyImage/test_cl_copy_images test_mipmaps)
Mipmaps (clReadWriteImage)                         (images/clReadWriteImage/test_cl_read_write_images test_mipmaps)
Subgroups                                          (subgroups/test_subgroups)
========================================================================================
========================================================================================
                     Setting CL_DEVICE_TYPE to CL_DEVICE_TYPE_DEFAULT                     
========================================================================================
========================================================================================
========================================================================================
========================================================================================
(28-Apr 15:03:04)     Running Tests: computeinfo/computeinfo
========================================================================================
========================================================================================
     ----------------------------------------------------------------------------------------
     (28-Apr 15:03:04)     Running Sub Test: Compute Info
     ----------------------------------------------------------------------------------------
     ERROR: clGetPlatformIDs failed! ((unknown) from 2.0/test_conformance/computeinfo/main.c:729)
     ----------------------------------------------------------------------------------------
  *******************************************************************************************
  *  (28-Apr 15:03:05)     Test Compute Info ==> FAILED: 23
  *******************************************************************************************
     ----------------------------------------------------------------------------------------

========================================================================================
========================================================================================
(28-Apr 15:03:05)     Running Tests: basic/test_basic
========================================================================================
========================================================================================
     ----------------------------------------------------------------------------------------
     (28-Apr 15:03:05)     Running Sub Test: Basic
     ----------------------------------------------------------------------------------------
      Initializing random seed to 0.
     Requesting Default device based on environment variable for platform index 0 and device index 0
     ERROR: clGetPlatformIDs failed! ((unknown) from 2.0/test_conformance/allocations/../../test_common/harness/testHarness.c:259)
     ----------------------------------------------------------------------------------------
  *******************************************************************************************
  *  (28-Apr 15:03:06)     Test Basic ==> FAILED: 255
  *******************************************************************************************
     ----------------------------------------------------------------------------------------

========================================================================================
========================================================================================
(28-Apr 15:03:06)     Running Tests: api/test_api
========================================================================================
========================================================================================
     ----------------------------------------------------------------------------------------
     (28-Apr 15:03:06)     Running Sub Test: API
     ----------------------------------------------------------------------------------------
      Initializing random seed to 0.
     Requesting Default device based on environment variable for platform index 0 and device index 0
     ERROR: clGetPlatformIDs failed! ((unknown) from 2.0/test_conformance/allocations/../../test_common/harness/testHarness.c:259)
     ----------------------------------------------------------------------------------------
  *******************************************************************************************
  *  (28-Apr 15:03:07)     Test API ==> FAILED: 255
  *******************************************************************************************
     ----------------------------------------------------------------------------------------

========================================================================================
========================================================================================
(28-Apr 15:03:07)     Running Tests: compiler/test_compiler
========================================================================================
========================================================================================
     ----------------------------------------------------------------------------------------
     (28-Apr 15:03:07)     Running Sub Test: Compiler
     ----------------------------------------------------------------------------------------
      Initializing random seed to 0.
     Requesting Default device based on environment variable for platform index 0 and device index 0
     ERROR: clGetPlatformIDs failed! ((unknown) from 2.0/test_conformance/allocations/../../test_common/harness/testHarness.c:259)
     ----------------------------------------------------------------------------------------
  *******************************************************************************************
  *  (28-Apr 15:03:08)     Test Compiler ==> FAILED: 255
  *******************************************************************************************
     ----------------------------------------------------------------------------------------

========================================================================================
========================================================================================
(28-Apr 15:03:08)     Running Tests: commonfns/test_commonfns
========================================================================================
========================================================================================
     ----------------------------------------------------------------------------------------
     (28-Apr 15:03:08)     Running Sub Test: Common Functions
     ----------------------------------------------------------------------------------------
      Initializing random seed to 0.
     Requesting Default device based on environment variable for platform index 0 and device index 0
     ERROR: clGetPlatformIDs failed! ((unknown) from 2.0/test_conformance/allocations/../../test_common/harness/testHarness.c:259)
     ----------------------------------------------------------------------------------------
  *******************************************************************************************
  *  (28-Apr 15:03:10)     Test Common Functions ==> FAILED: 255
  *******************************************************************************************
     ----------------------------------------------------------------------------------------

========================================================================================
========================================================================================
(28-Apr 15:03:10)     Running Tests: geometrics/test_geometrics
========================================================================================
========================================================================================
     ----------------------------------------------------------------------------------------
     (28-Apr 15:03:10)     Running Sub Test: Geometric Functions
     ----------------------------------------------------------------------------------------
      Initializing random seed to 0.
     Requesting Default device based on environment variable for platform index 0 and device index 0
     ERROR: clGetPlatformIDs failed! ((unknown) from 2.0/test_conformance/allocations/../../test_common/harness/testHarness.c:259)
     ----------------------------------------------------------------------------------------
  *******************************************************************************************
  *  (28-Apr 15:03:11)     Test Geometric Functions ==> FAILED: 255
  *******************************************************************************************
     ----------------------------------------------------------------------------------------

========================================================================================
========================================================================================
(28-Apr 15:03:11)     Running Tests: relationals/test_relationals
========================================================================================
========================================================================================
     ----------------------------------------------------------------------------------------
     (28-Apr 15:03:11)     Running Sub Test: Relationals
     ----------------------------------------------------------------------------------------
      Initializing random seed to 0.
     Requesting Default device based on environment variable for platform index 0 and device index 0
     ERROR: clGetPlatformIDs failed! ((unknown) from 2.0/test_conformance/allocations/../../test_common/harness/testHarness.c:259)
     ----------------------------------------------------------------------------------------
  *******************************************************************************************
  *  (28-Apr 15:03:12)     Test Relationals ==> FAILED: 255
  *******************************************************************************************
     ----------------------------------------------------------------------------------------

========================================================================================
========================================================================================
(28-Apr 15:03:12)     Running Tests: thread_dimensions/test_thread_dimensions full*
========================================================================================
========================================================================================
     ----------------------------------------------------------------------------------------
     (28-Apr 15:03:12)     Running Sub Test: Thread Dimensions
     ----------------------------------------------------------------------------------------
      Initializing random seed to 0.
     Requesting Default device based on environment variable for platform index 0 and device index 0
     ERROR: clGetPlatformIDs failed! ((unknown) from 2.0/test_conformance/allocations/../../test_common/harness/testHarness.c:259)
     ----------------------------------------------------------------------------------------
  *******************************************************************************************
  *  (28-Apr 15:03:13)     Test Thread Dimensions ==> FAILED: 255
  *******************************************************************************************
     ----------------------------------------------------------------------------------------

========================================================================================
========================================================================================
(28-Apr 15:03:13)     Running Tests: multiple_device_context/test_multiples
========================================================================================
========================================================================================
     ----------------------------------------------------------------------------------------
     (28-Apr 15:03:13)     Running Sub Test: Multiple Device/Context
     ----------------------------------------------------------------------------------------
      Initializing random seed to 0.
     Requesting Default device based on environment variable for platform index 0 and device index 0
     ERROR: clGetPlatformIDs failed! ((unknown) from 2.0/test_conformance/allocations/../../test_common/harness/testHarness.c:259)
     ----------------------------------------------------------------------------------------
  *******************************************************************************************
  *  (28-Apr 15:03:14)     Test Multiple Device/Context ==> FAILED: 255
  *******************************************************************************************
     ----------------------------------------------------------------------------------------

========================================================================================
========================================================================================
(28-Apr 15:03:14)     Running Tests: atomics/test_atomics
========================================================================================
========================================================================================
     ----------------------------------------------------------------------------------------
     (28-Apr 15:03:14)     Running Sub Test: Atomics
     ----------------------------------------------------------------------------------------
      Initializing random seed to 0.
     Requesting Default device based on environment variable for platform index 0 and device index 0
     ERROR: clGetPlatformIDs failed! ((unknown) from 2.0/test_conformance/allocations/../../test_common/harness/testHarness.c:259)
     ----------------------------------------------------------------------------------------
  *******************************************************************************************
  *  (28-Apr 15:03:15)     Test Atomics ==> FAILED: 255
  *******************************************************************************************
     ----------------------------------------------------------------------------------------

========================================================================================
========================================================================================
(28-Apr 15:03:15)     Running Tests: profiling/test_profiling
========================================================================================
========================================================================================
     ----------------------------------------------------------------------------------------
     (28-Apr 15:03:15)     Running Sub Test: Profiling
     ----------------------------------------------------------------------------------------
      Initializing random seed to 0.
     Requesting Default device based on environment variable for platform index 0 and device index 0
     ERROR: clGetPlatformIDs failed! ((unknown) from 2.0/test_conformance/allocations/../../test_common/harness/testHarness.c:259)
     ----------------------------------------------------------------------------------------
  *******************************************************************************************
  *  (28-Apr 15:03:16)     Test Profiling ==> FAILED: 255
  *******************************************************************************************
     ----------------------------------------------------------------------------------------

========================================================================================
========================================================================================
(28-Apr 15:03:16)     Running Tests: events/test_events
========================================================================================
========================================================================================
     ----------------------------------------------------------------------------------------
     (28-Apr 15:03:16)     Running Sub Test: Events
     ----------------------------------------------------------------------------------------
      Initializing random seed to 0.
     Requesting Default device based on environment variable for platform index 0 and device index 0
     ERROR: clGetPlatformIDs failed! ((unknown) from 2.0/test_conformance/allocations/../../test_common/harness/testHarness.c:259)
     ----------------------------------------------------------------------------------------
  *******************************************************************************************
  *  (28-Apr 15:03:17)     Test Events ==> FAILED: 255
  *******************************************************************************************
     ----------------------------------------------------------------------------------------

========================================================================================
========================================================================================
(28-Apr 15:03:17)     Running Tests: allocations/test_allocations single 5 all
========================================================================================
========================================================================================
     ----------------------------------------------------------------------------------------
     (28-Apr 15:03:17)     Running Sub Test: Allocations (single maximum)
     ----------------------------------------------------------------------------------------
     Requesting Default device based on environment variable
     ERROR: clGetPlatformIDs failed! ((unknown) from 2.0/test_conformance/allocations/main.cpp:66)
     ----------------------------------------------------------------------------------------
  *******************************************************************************************
  *  (28-Apr 15:03:18)     Test Allocations (single maximum) ==> FAILED: 255
  *******************************************************************************************
     ----------------------------------------------------------------------------------------

========================================================================================
========================================================================================
(28-Apr 15:03:18)     Running Tests: allocations/test_allocations multiple 5 all 
========================================================================================
========================================================================================
     ----------------------------------------------------------------------------------------
     (28-Apr 15:03:18)     Running Sub Test: Allocations (total maximum)
     ----------------------------------------------------------------------------------------
     Requesting Default device based on environment variable
     ERROR: clGetPlatformIDs failed! ((unknown) from 2.0/test_conformance/allocations/main.cpp:66)
     ----------------------------------------------------------------------------------------
  *******************************************************************************************
  *  (28-Apr 15:03:19)     Test Allocations (total maximum) ==> FAILED: 255
  *******************************************************************************************
     ----------------------------------------------------------------------------------------

========================================================================================
========================================================================================
(28-Apr 15:03:19)     Running Tests: vec_align/test_vecalign
========================================================================================
========================================================================================
     ----------------------------------------------------------------------------------------
     (28-Apr 15:03:19)     Running Sub Test: VecAlign
     ----------------------------------------------------------------------------------------
      Initializing random seed to 0.
     Requesting Default device based on environment variable for platform index 0 and device index 0
     ERROR: clGetPlatformIDs failed! ((unknown) from 2.0/test_conformance/allocations/../../test_common/harness/testHarness.c:259)

FAILED: Execution interrupted.  Killing test process, but not aborting full test run.
